{"C:\\Users\\ashle\\OneDrive\\Documents\\GitHub\\focus-motivate-surge\\src\\App.tsx": {"path":"C:\\Users\\ashle\\OneDrive\\Documents\\GitHub\\focus-motivate-surge\\src\\App.tsx","statementMap":{"0":{"start":{"line":10,"column":0},"end":{"line":13,"column":2}},"1":{"start":{"line":15,"column":20},"end":{"line":15,"column":37}},"2":{"start":{"line":17,"column":12},"end":{"line":29,"column":null}},"3":{"start":{"line":18,"column":2},"end":{"line":28,"column":null}}},"fnMap":{"0":{"name":"(anonymous_0)","decl":{"start":{"line":17,"column":12},"end":{"line":17,"column":15}},"loc":{"start":{"line":18,"column":2},"end":{"line":28,"column":null}}}},"branchMap":{},"s":{"0":0,"1":0,"2":0,"3":0},"f":{"0":0},"b":{}}
,"C:\\Users\\ashle\\OneDrive\\Documents\\GitHub\\focus-motivate-surge\\src\\components\\CompletedTasks.tsx": {"path":"C:\\Users\\ashle\\OneDrive\\Documents\\GitHub\\focus-motivate-surge\\src\\components\\CompletedTasks.tsx","statementMap":{"0":{"start":{"line":25,"column":23},"end":{"line":39,"column":1}},"1":{"start":{"line":26,"column":2},"end":{"line":26,"column":33}},"2":{"start":{"line":26,"column":21},"end":{"line":26,"column":33}},"3":{"start":{"line":28,"column":16},"end":{"line":28,"column":42}},"4":{"start":{"line":29,"column":18},"end":{"line":29,"column":51}},"5":{"start":{"line":30,"column":27},"end":{"line":30,"column":39}},"6":{"start":{"line":32,"column":2},"end":{"line":34,"column":3}},"7":{"start":{"line":33,"column":4},"end":{"line":33,"column":56}},"8":{"start":{"line":35,"column":2},"end":{"line":37,"column":3}},"9":{"start":{"line":36,"column":4},"end":{"line":36,"column":85}},"10":{"start":{"line":38,"column":2},"end":{"line":38,"column":32}},"11":{"start":{"line":41,"column":33},"end":{"line":52,"column":1}},"12":{"start":{"line":42,"column":2},"end":{"line":51,"column":3}},"13":{"start":{"line":44,"column":6},"end":{"line":44,"column":30}},"14":{"start":{"line":46,"column":6},"end":{"line":46,"column":29}},"15":{"start":{"line":48,"column":6},"end":{"line":48,"column":31}},"16":{"start":{"line":50,"column":6},"end":{"line":50,"column":37}},"17":{"start":{"line":54,"column":26},"end":{"line":65,"column":1}},"18":{"start":{"line":55,"column":2},"end":{"line":64,"column":3}},"19":{"start":{"line":57,"column":6},"end":{"line":57,"column":26}},"20":{"start":{"line":59,"column":6},"end":{"line":59,"column":19}},"21":{"start":{"line":61,"column":6},"end":{"line":61,"column":27}},"22":{"start":{"line":63,"column":6},"end":{"line":63,"column":19}},"23":{"start":{"line":67,"column":30},"end":{"line":174,"column":1}},"24":{"start":{"line":68,"column":2},"end":{"line":68,"column":38}},"25":{"start":{"line":68,"column":26},"end":{"line":68,"column":38}},"26":{"start":{"line":70,"column":2},"end":{"line":173,"column":4}},"27":{"start":{"line":100,"column":36},"end":{"line":110,"column":22}},"28":{"start":{"line":112,"column":39},"end":{"line":112,"column":82}},"29":{"start":{"line":113,"column":40},"end":{"line":113,"column":90}},"30":{"start":{"line":115,"column":20},"end":{"line":164,"column":22}}},"fnMap":{"0":{"name":"(anonymous_0)","decl":{"start":{"line":25,"column":23},"end":{"line":25,"column":24}},"loc":{"start":{"line":25,"column":51},"end":{"line":39,"column":1}}},"1":{"name":"(anonymous_1)","decl":{"start":{"line":41,"column":33},"end":{"line":41,"column":34}},"loc":{"start":{"line":41,"column":52},"end":{"line":52,"column":1}}},"2":{"name":"(anonymous_2)","decl":{"start":{"line":54,"column":26},"end":{"line":54,"column":27}},"loc":{"start":{"line":54,"column":45},"end":{"line":65,"column":1}}},"3":{"name":"(anonymous_3)","decl":{"start":{"line":67,"column":30},"end":{"line":67,"column":31}},"loc":{"start":{"line":67,"column":80},"end":{"line":174,"column":1}}},"4":{"name":"(anonymous_4)","decl":{"start":{"line":99,"column":29},"end":{"line":99,"column":30}},"loc":{"start":{"line":99,"column":38},"end":{"line":165,"column":19}}}},"branchMap":{"0":{"loc":{"start":{"line":26,"column":2},"end":{"line":26,"column":33}},"type":"if","locations":[{"start":{"line":26,"column":2},"end":{"line":26,"column":33}}]},"1":{"loc":{"start":{"line":32,"column":2},"end":{"line":34,"column":3}},"type":"if","locations":[{"start":{"line":32,"column":2},"end":{"line":34,"column":3}}]},"2":{"loc":{"start":{"line":35,"column":2},"end":{"line":37,"column":3}},"type":"if","locations":[{"start":{"line":35,"column":2},"end":{"line":37,"column":3}}]},"3":{"loc":{"start":{"line":36,"column":11},"end":{"line":36,"column":84}},"type":"cond-expr","locations":[{"start":{"line":36,"column":34},"end":{"line":36,"column":68}},{"start":{"line":36,"column":71},"end":{"line":36,"column":84}}]},"4":{"loc":{"start":{"line":42,"column":2},"end":{"line":51,"column":3}},"type":"switch","locations":[{"start":{"line":43,"column":4},"end":{"line":44,"column":30}},{"start":{"line":45,"column":4},"end":{"line":46,"column":29}},{"start":{"line":47,"column":4},"end":{"line":48,"column":31}},{"start":{"line":49,"column":4},"end":{"line":50,"column":37}}]},"5":{"loc":{"start":{"line":55,"column":2},"end":{"line":64,"column":3}},"type":"switch","locations":[{"start":{"line":56,"column":4},"end":{"line":57,"column":26}},{"start":{"line":58,"column":4},"end":{"line":59,"column":19}},{"start":{"line":60,"column":4},"end":{"line":61,"column":27}},{"start":{"line":62,"column":4},"end":{"line":63,"column":19}}]},"6":{"loc":{"start":{"line":68,"column":2},"end":{"line":68,"column":38}},"type":"if","locations":[{"start":{"line":68,"column":2},"end":{"line":68,"column":38}}]},"7":{"loc":{"start":{"line":100,"column":36},"end":{"line":110,"column":22}},"type":"binary-expr","locations":[{"start":{"line":100,"column":36},"end":{"line":100,"column":48}},{"start":{"line":100,"column":52},"end":{"line":110,"column":22}}]}},"s":{"0":0,"1":0,"2":0,"3":0,"4":0,"5":0,"6":0,"7":0,"8":0,"9":0,"10":0,"11":0,"12":0,"13":0,"14":0,"15":0,"16":0,"17":0,"18":0,"19":0,"20":0,"21":0,"22":0,"23":0,"24":0,"25":0,"26":0,"27":0,"28":0,"29":0,"30":0},"f":{"0":0,"1":0,"2":0,"3":0,"4":0},"b":{"0":[0],"1":[0],"2":[0],"3":[0,0],"4":[0,0,0,0],"5":[0,0,0,0],"6":[0],"7":[0,0]}}
,"C:\\Users\\ashle\\OneDrive\\Documents\\GitHub\\focus-motivate-surge\\src\\components\\EmailSummaryModal.tsx": {"path":"C:\\Users\\ashle\\OneDrive\\Documents\\GitHub\\focus-motivate-surge\\src\\components\\EmailSummaryModal.tsx","statementMap":{"0":{"start":{"line":20,"column":20},"end":{"line":20,"column":74}},"1":{"start":{"line":22,"column":33},"end":{"line":90,"column":1}},"2":{"start":{"line":27,"column":28},"end":{"line":27,"column":40}},"3":{"start":{"line":28,"column":36},"end":{"line":28,"column":51}},"4":{"start":{"line":30,"column":23},"end":{"line":50,"column":3}},"5":{"start":{"line":31,"column":4},"end":{"line":31,"column":23}},"6":{"start":{"line":33,"column":4},"end":{"line":49,"column":5}},"7":{"start":{"line":34,"column":6},"end":{"line":34,"column":31}},"8":{"start":{"line":35,"column":6},"end":{"line":35,"column":25}},"9":{"start":{"line":37,"column":6},"end":{"line":37,"column":28}},"10":{"start":{"line":38,"column":6},"end":{"line":38,"column":56}},"11":{"start":{"line":39,"column":6},"end":{"line":39,"column":16}},"12":{"start":{"line":40,"column":6},"end":{"line":40,"column":19}},"13":{"start":{"line":42,"column":6},"end":{"line":46,"column":7}},"14":{"start":{"line":43,"column":8},"end":{"line":43,"column":45}},"15":{"start":{"line":45,"column":8},"end":{"line":45,"column":85}},"16":{"start":{"line":48,"column":6},"end":{"line":48,"column":26}},"17":{"start":{"line":52,"column":2},"end":{"line":89,"column":4}},"18":{"start":{"line":68,"column":31},"end":{"line":68,"column":55}}},"fnMap":{"0":{"name":"(anonymous_0)","decl":{"start":{"line":22,"column":33},"end":{"line":22,"column":34}},"loc":{"start":{"line":26,"column":29},"end":{"line":90,"column":1}}},"1":{"name":"(anonymous_1)","decl":{"start":{"line":30,"column":23},"end":{"line":30,"column":28}},"loc":{"start":{"line":30,"column":52},"end":{"line":50,"column":3}}},"2":{"name":"(anonymous_2)","decl":{"start":{"line":68,"column":24},"end":{"line":68,"column":25}},"loc":{"start":{"line":68,"column":31},"end":{"line":68,"column":55}}}},"branchMap":{"0":{"loc":{"start":{"line":42,"column":6},"end":{"line":46,"column":7}},"type":"if","locations":[{"start":{"line":42,"column":6},"end":{"line":46,"column":7}},{"start":{"line":44,"column":13},"end":{"line":46,"column":7}}]},"1":{"loc":{"start":{"line":45,"column":20},"end":{"line":45,"column":83}},"type":"cond-expr","locations":[{"start":{"line":45,"column":45},"end":{"line":45,"column":58}},{"start":{"line":45,"column":61},"end":{"line":45,"column":83}}]},"2":{"loc":{"start":{"line":83,"column":15},"end":{"line":83,"column":56}},"type":"cond-expr","locations":[{"start":{"line":83,"column":27},"end":{"line":83,"column":39}},{"start":{"line":83,"column":42},"end":{"line":83,"column":56}}]}},"s":{"0":0,"1":0,"2":0,"3":0,"4":0,"5":0,"6":0,"7":0,"8":0,"9":0,"10":0,"11":0,"12":0,"13":0,"14":0,"15":0,"16":0,"17":0,"18":0},"f":{"0":0,"1":0,"2":0},"b":{"0":[0,0],"1":[0,0],"2":[0,0]}}
,"C:\\Users\\ashle\\OneDrive\\Documents\\GitHub\\focus-motivate-surge\\src\\components\\ShortcutsInfo.tsx": {"path":"C:\\Users\\ashle\\OneDrive\\Documents\\GitHub\\focus-motivate-surge\\src\\components\\ShortcutsInfo.tsx","statementMap":{"0":{"start":{"line":20,"column":29},"end":{"line":49,"column":2}},"1":{"start":{"line":21,"column":2},"end":{"line":47,"column":null}},"2":{"start":{"line":37,"column":14},"end":{"line":37,"column":29}},"3":{"start":{"line":51,"column":0},"end":{"line":51,"column":44}}},"fnMap":{"0":{"name":"(anonymous_0)","decl":{"start":{"line":20,"column":34},"end":{"line":20,"column":35}},"loc":{"start":{"line":21,"column":2},"end":{"line":47,"column":null}}},"1":{"name":"(anonymous_1)","decl":{"start":{"line":36,"column":27},"end":{"line":36,"column":28}},"loc":{"start":{"line":37,"column":14},"end":{"line":37,"column":29}}}},"branchMap":{},"s":{"0":0,"1":0,"2":0,"3":0},"f":{"0":0,"1":0},"b":{}}
,"C:\\Users\\ashle\\OneDrive\\Documents\\GitHub\\focus-motivate-surge\\src\\components\\SoundSelector.tsx": {"path":"C:\\Users\\ashle\\OneDrive\\Documents\\GitHub\\focus-motivate-surge\\src\\components\\SoundSelector.tsx","statementMap":{"0":{"start":{"line":8,"column":29},"end":{"line":56,"column":2}},"1":{"start":{"line":14,"column":2},"end":{"line":54,"column":null}},"2":{"start":{"line":22,"column":8},"end":{"line":22,"column":25}},"3":{"start":{"line":58,"column":0},"end":{"line":58,"column":44}}},"fnMap":{"0":{"name":"(anonymous_0)","decl":{"start":{"line":8,"column":34},"end":{"line":8,"column":35}},"loc":{"start":{"line":14,"column":2},"end":{"line":54,"column":null}}},"1":{"name":"(anonymous_1)","decl":{"start":{"line":21,"column":38},"end":{"line":21,"column":39}},"loc":{"start":{"line":22,"column":8},"end":{"line":22,"column":25}}}},"branchMap":{"0":{"loc":{"start":{"line":12,"column":2},"end":{"line":12,"column":24}},"type":"default-arg","locations":[{"start":{"line":12,"column":19},"end":{"line":12,"column":24}}]},"1":{"loc":{"start":{"line":43,"column":16},"end":{"line":43,"column":58}},"type":"binary-expr","locations":[{"start":{"line":43,"column":16},"end":{"line":43,"column":30}},{"start":{"line":43,"column":34},"end":{"line":43,"column":58}}]},"2":{"loc":{"start":{"line":46,"column":7},"end":{"line":52,"column":null}},"type":"cond-expr","locations":[{"start":{"line":47,"column":8},"end":{"line":48,"column":null}},{"start":{"line":52,"column":8},"end":{"line":52,"column":20}}]}},"s":{"0":0,"1":0,"2":0,"3":0},"f":{"0":0,"1":0},"b":{"0":[0],"1":[0,0],"2":[0,0]}}
,"C:\\Users\\ashle\\OneDrive\\Documents\\GitHub\\focus-motivate-surge\\src\\components\\minutes\\MinutesButton.tsx": {"path":"C:\\Users\\ashle\\OneDrive\\Documents\\GitHub\\focus-motivate-surge\\src\\components\\minutes\\MinutesButton.tsx","statementMap":{"0":{"start":{"line":11,"column":29},"end":{"line":48,"column":1}},"1":{"start":{"line":19,"column":22},"end":{"line":23,"column":3}},"2":{"start":{"line":20,"column":4},"end":{"line":20,"column":23}},"3":{"start":{"line":21,"column":4},"end":{"line":21,"column":24}},"4":{"start":{"line":22,"column":4},"end":{"line":22,"column":28}},"5":{"start":{"line":22,"column":17},"end":{"line":22,"column":28}},"6":{"start":{"line":25,"column":22},"end":{"line":29,"column":3}},"7":{"start":{"line":26,"column":4},"end":{"line":26,"column":23}},"8":{"start":{"line":27,"column":4},"end":{"line":27,"column":24}},"9":{"start":{"line":28,"column":4},"end":{"line":28,"column":38}},"10":{"start":{"line":28,"column":22},"end":{"line":28,"column":38}},"11":{"start":{"line":31,"column":2},"end":{"line":47,"column":4}}},"fnMap":{"0":{"name":"(anonymous_0)","decl":{"start":{"line":11,"column":29},"end":{"line":11,"column":30}},"loc":{"start":{"line":18,"column":25},"end":{"line":48,"column":1}}},"1":{"name":"(anonymous_1)","decl":{"start":{"line":19,"column":22},"end":{"line":19,"column":23}},"loc":{"start":{"line":19,"column":65},"end":{"line":23,"column":3}}},"2":{"name":"(anonymous_2)","decl":{"start":{"line":25,"column":22},"end":{"line":25,"column":23}},"loc":{"start":{"line":25,"column":65},"end":{"line":29,"column":3}}}},"branchMap":{"0":{"loc":{"start":{"line":22,"column":4},"end":{"line":22,"column":28}},"type":"if","locations":[{"start":{"line":22,"column":4},"end":{"line":22,"column":28}}]},"1":{"loc":{"start":{"line":28,"column":4},"end":{"line":28,"column":38}},"type":"if","locations":[{"start":{"line":28,"column":4},"end":{"line":28,"column":38}}]},"2":{"loc":{"start":{"line":41,"column":7},"end":{"line":44,"column":null}},"type":"cond-expr","locations":[{"start":{"line":42,"column":8},"end":{"line":42,"column":41}},{"start":{"line":44,"column":8},"end":{"line":44,"column":43}}]}},"s":{"0":0,"1":0,"2":0,"3":0,"4":0,"5":0,"6":0,"7":0,"8":0,"9":0,"10":0,"11":0},"f":{"0":0,"1":0,"2":0},"b":{"0":[0],"1":[0],"2":[0,0]}}
,"C:\\Users\\ashle\\OneDrive\\Documents\\GitHub\\focus-motivate-surge\\src\\components\\minutes\\MinutesDisplay.tsx": {"path":"C:\\Users\\ashle\\OneDrive\\Documents\\GitHub\\focus-motivate-surge\\src\\components\\minutes\\MinutesDisplay.tsx","statementMap":{"0":{"start":{"line":12,"column":30},"end":{"line":89,"column":1}},"1":{"start":{"line":21,"column":38},"end":{"line":21,"column":66}},"2":{"start":{"line":22,"column":36},"end":{"line":22,"column":51}},"3":{"start":{"line":24,"column":23},"end":{"line":29,"column":8}},"4":{"start":{"line":25,"column":18},"end":{"line":25,"column":32}},"5":{"start":{"line":26,"column":4},"end":{"line":28,"column":5}},"6":{"start":{"line":27,"column":6},"end":{"line":27,"column":27}},"7":{"start":{"line":31,"column":21},"end":{"line":53,"column":48}},"8":{"start":{"line":32,"column":4},"end":{"line":32,"column":24}},"9":{"start":{"line":33,"column":18},"end":{"line":33,"column":32}},"10":{"start":{"line":35,"column":4},"end":{"line":51,"column":5}},"11":{"start":{"line":36,"column":6},"end":{"line":36,"column":43}},"12":{"start":{"line":37,"column":29},"end":{"line":40,"column":47}},"13":{"start":{"line":41,"column":6},"end":{"line":41,"column":31}},"14":{"start":{"line":43,"column":23},"end":{"line":43,"column":42}},"15":{"start":{"line":44,"column":27},"end":{"line":44,"column":79}},"16":{"start":{"line":45,"column":6},"end":{"line":45,"column":45}},"17":{"start":{"line":46,"column":29},"end":{"line":49,"column":47}},"18":{"start":{"line":50,"column":6},"end":{"line":50,"column":31}},"19":{"start":{"line":52,"column":4},"end":{"line":52,"column":14}},"20":{"start":{"line":55,"column":24},"end":{"line":59,"column":8}},"21":{"start":{"line":56,"column":4},"end":{"line":58,"column":5}},"22":{"start":{"line":57,"column":6},"end":{"line":57,"column":29}},"23":{"start":{"line":61,"column":22},"end":{"line":63,"column":8}},"24":{"start":{"line":62,"column":4},"end":{"line":62,"column":23}},"25":{"start":{"line":65,"column":23},"end":{"line":65,"column":66}},"26":{"start":{"line":67,"column":2},"end":{"line":88,"column":4}}},"fnMap":{"0":{"name":"(anonymous_0)","decl":{"start":{"line":12,"column":30},"end":{"line":12,"column":31}},"loc":{"start":{"line":20,"column":26},"end":{"line":89,"column":1}}},"1":{"name":"(anonymous_1)","decl":{"start":{"line":24,"column":35},"end":{"line":24,"column":36}},"loc":{"start":{"line":24,"column":78},"end":{"line":29,"column":3}}},"2":{"name":"(anonymous_2)","decl":{"start":{"line":31,"column":33},"end":{"line":31,"column":34}},"loc":{"start":{"line":31,"column":75},"end":{"line":53,"column":3}}},"3":{"name":"(anonymous_3)","decl":{"start":{"line":55,"column":36},"end":{"line":55,"column":37}},"loc":{"start":{"line":55,"column":81},"end":{"line":59,"column":3}}},"4":{"name":"(anonymous_4)","decl":{"start":{"line":61,"column":34},"end":{"line":61,"column":37}},"loc":{"start":{"line":61,"column":39},"end":{"line":63,"column":3}}}},"branchMap":{"0":{"loc":{"start":{"line":26,"column":4},"end":{"line":28,"column":5}},"type":"if","locations":[{"start":{"line":26,"column":4},"end":{"line":28,"column":5}}]},"1":{"loc":{"start":{"line":26,"column":8},"end":{"line":26,"column":43}},"type":"binary-expr","locations":[{"start":{"line":26,"column":8},"end":{"line":26,"column":20}},{"start":{"line":26,"column":24},"end":{"line":26,"column":43}}]},"2":{"loc":{"start":{"line":35,"column":4},"end":{"line":51,"column":5}},"type":"if","locations":[{"start":{"line":35,"column":4},"end":{"line":51,"column":5}},{"start":{"line":42,"column":11},"end":{"line":51,"column":5}}]},"3":{"loc":{"start":{"line":56,"column":4},"end":{"line":58,"column":5}},"type":"if","locations":[{"start":{"line":56,"column":4},"end":{"line":58,"column":5}}]},"4":{"loc":{"start":{"line":65,"column":23},"end":{"line":65,"column":66}},"type":"cond-expr","locations":[{"start":{"line":65,"column":35},"end":{"line":65,"column":45}},{"start":{"line":65,"column":48},"end":{"line":65,"column":66}}]}},"s":{"0":0,"1":0,"2":0,"3":0,"4":0,"5":0,"6":0,"7":0,"8":0,"9":0,"10":0,"11":0,"12":0,"13":0,"14":0,"15":0,"16":0,"17":0,"18":0,"19":0,"20":0,"21":0,"22":0,"23":0,"24":0,"25":0,"26":0},"f":{"0":0,"1":0,"2":0,"3":0,"4":0},"b":{"0":[0],"1":[0,0],"2":[0,0],"3":[0],"4":[0,0]}}
,"C:\\Users\\ashle\\OneDrive\\Documents\\GitHub\\focus-motivate-surge\\src\\components\\minutes\\MinutesInput.tsx": {"path":"C:\\Users\\ashle\\OneDrive\\Documents\\GitHub\\focus-motivate-surge\\src\\components\\minutes\\MinutesInput.tsx","statementMap":{"0":{"start":{"line":7,"column":28},"end":{"line":54,"column":2}},"1":{"start":{"line":19,"column":6},"end":{"line":25,"column":4}},"2":{"start":{"line":27,"column":2},"end":{"line":53,"column":4}},"3":{"start":{"line":56,"column":0},"end":{"line":56,"column":42}}},"fnMap":{"0":{"name":"(anonymous_0)","decl":{"start":{"line":7,"column":33},"end":{"line":7,"column":34}},"loc":{"start":{"line":13,"column":24},"end":{"line":54,"column":1}}}},"branchMap":{},"s":{"0":0,"1":0,"2":0,"3":0},"f":{"0":0},"b":{}}
,"C:\\Users\\ashle\\OneDrive\\Documents\\GitHub\\focus-motivate-surge\\src\\components\\quotes\\FavoriteQuotes.tsx": {"path":"C:\\Users\\ashle\\OneDrive\\Documents\\GitHub\\focus-motivate-surge\\src\\components\\quotes\\FavoriteQuotes.tsx","statementMap":{"0":{"start":{"line":12,"column":18},"end":{"line":30,"column":null}},"1":{"start":{"line":13,"column":2},"end":{"line":29,"column":null}},"2":{"start":{"line":33,"column":19},"end":{"line":61,"column":null}},"3":{"start":{"line":39,"column":2},"end":{"line":60,"column":null}},"4":{"start":{"line":64,"column":30},"end":{"line":102,"column":1}},"5":{"start":{"line":65,"column":40},"end":{"line":65,"column":51}},"6":{"start":{"line":66,"column":24},"end":{"line":66,"column":25}},"7":{"start":{"line":68,"column":21},"end":{"line":68,"column":64}},"8":{"start":{"line":69,"column":29},"end":{"line":71,"column":null}},"9":{"start":{"line":74,"column":25},"end":{"line":76,"column":3}},"10":{"start":{"line":75,"column":4},"end":{"line":75,"column":50}},"11":{"start":{"line":75,"column":27},"end":{"line":75,"column":48}},"12":{"start":{"line":78,"column":25},"end":{"line":80,"column":3}},"13":{"start":{"line":79,"column":4},"end":{"line":79,"column":63}},"14":{"start":{"line":79,"column":27},"end":{"line":79,"column":61}},"15":{"start":{"line":82,"column":2},"end":{"line":82,"column":59}},"16":{"start":{"line":82,"column":47},"end":{"line":82,"column":59}},"17":{"start":{"line":84,"column":2},"end":{"line":101,"column":4}},"18":{"start":{"line":89,"column":10},"end":{"line":89,"column":33}}},"fnMap":{"0":{"name":"(anonymous_0)","decl":{"start":{"line":12,"column":18},"end":{"line":12,"column":19}},"loc":{"start":{"line":13,"column":2},"end":{"line":29,"column":null}}},"1":{"name":"(anonymous_1)","decl":{"start":{"line":33,"column":19},"end":{"line":33,"column":20}},"loc":{"start":{"line":39,"column":2},"end":{"line":60,"column":null}}},"2":{"name":"(anonymous_2)","decl":{"start":{"line":64,"column":30},"end":{"line":64,"column":31}},"loc":{"start":{"line":64,"column":92},"end":{"line":102,"column":1}}},"3":{"name":"(anonymous_3)","decl":{"start":{"line":74,"column":25},"end":{"line":74,"column":28}},"loc":{"start":{"line":74,"column":30},"end":{"line":76,"column":3}}},"4":{"name":"(anonymous_4)","decl":{"start":{"line":75,"column":19},"end":{"line":75,"column":23}},"loc":{"start":{"line":75,"column":27},"end":{"line":75,"column":48}}},"5":{"name":"(anonymous_5)","decl":{"start":{"line":78,"column":25},"end":{"line":78,"column":28}},"loc":{"start":{"line":78,"column":30},"end":{"line":80,"column":3}}},"6":{"name":"(anonymous_6)","decl":{"start":{"line":79,"column":19},"end":{"line":79,"column":23}},"loc":{"start":{"line":79,"column":27},"end":{"line":79,"column":61}}},"7":{"name":"(anonymous_7)","decl":{"start":{"line":88,"column":32},"end":{"line":88,"column":33}},"loc":{"start":{"line":89,"column":10},"end":{"line":89,"column":33}}}},"branchMap":{"0":{"loc":{"start":{"line":18,"column":9},"end":{"line":21,"column":null}},"type":"binary-expr","locations":[{"start":{"line":18,"column":9},"end":{"line":18,"column":19}},{"start":{"line":19,"column":10},"end":{"line":20,"column":null}}]},"1":{"loc":{"start":{"line":23,"column":9},"end":{"line":26,"column":null}},"type":"binary-expr","locations":[{"start":{"line":23,"column":9},"end":{"line":23,"column":24}},{"start":{"line":24,"column":10},"end":{"line":25,"column":null}}]},"2":{"loc":{"start":{"line":64,"column":44},"end":{"line":64,"column":65}},"type":"default-arg","locations":[{"start":{"line":64,"column":60},"end":{"line":64,"column":65}}]},"3":{"loc":{"start":{"line":82,"column":2},"end":{"line":82,"column":59}},"type":"if","locations":[{"start":{"line":82,"column":2},"end":{"line":82,"column":59}}]},"4":{"loc":{"start":{"line":82,"column":6},"end":{"line":82,"column":45}},"type":"binary-expr","locations":[{"start":{"line":82,"column":6},"end":{"line":82,"column":28}},{"start":{"line":82,"column":32},"end":{"line":82,"column":45}}]},"5":{"loc":{"start":{"line":92,"column":7},"end":{"line":98,"column":null}},"type":"binary-expr","locations":[{"start":{"line":92,"column":7},"end":{"line":92,"column":21}},{"start":{"line":93,"column":8},"end":{"line":97,"column":null}}]}},"s":{"0":0,"1":0,"2":0,"3":0,"4":0,"5":0,"6":0,"7":0,"8":0,"9":0,"10":0,"11":0,"12":0,"13":0,"14":0,"15":0,"16":0,"17":0,"18":0},"f":{"0":0,"1":0,"2":0,"3":0,"4":0,"5":0,"6":0,"7":0},"b":{"0":[0,0],"1":[0,0],"2":[0],"3":[0],"4":[0,0],"5":[0,0]}}
,"C:\\Users\\ashle\\OneDrive\\Documents\\GitHub\\focus-motivate-surge\\src\\components\\quotes\\FloatingQuotes.tsx": {"path":"C:\\Users\\ashle\\OneDrive\\Documents\\GitHub\\focus-motivate-surge\\src\\components\\quotes\\FloatingQuotes.tsx","statementMap":{"0":{"start":{"line":16,"column":17},"end":{"line":16,"column":21}},"1":{"start":{"line":17,"column":18},"end":{"line":17,"column":21}},"2":{"start":{"line":18,"column":20},"end":{"line":18,"column":57}},"3":{"start":{"line":20,"column":30},"end":{"line":114,"column":2}},"4":{"start":{"line":21,"column":23},"end":{"line":21,"column":51}},"5":{"start":{"line":22,"column":36},"end":{"line":22,"column":65}},"6":{"start":{"line":23,"column":28},"end":{"line":23,"column":44}},"7":{"start":{"line":26,"column":2},"end":{"line":39,"column":25}},"8":{"start":{"line":27,"column":4},"end":{"line":27,"column":34}},"9":{"start":{"line":27,"column":27},"end":{"line":27,"column":34}},"10":{"start":{"line":29,"column":25},"end":{"line":36,"column":6}},"11":{"start":{"line":30,"column":16},"end":{"line":30,"column":68}},"12":{"start":{"line":31,"column":16},"end":{"line":31,"column":39}},"13":{"start":{"line":32,"column":20},"end":{"line":32,"column":47}},"14":{"start":{"line":33,"column":17},"end":{"line":33,"column":43}},"15":{"start":{"line":34,"column":17},"end":{"line":34,"column":43}},"16":{"start":{"line":35,"column":6},"end":{"line":35,"column":30}},"17":{"start":{"line":38,"column":4},"end":{"line":38,"column":31}},"18":{"start":{"line":42,"column":2},"end":{"line":77,"column":25}},"19":{"start":{"line":43,"column":4},"end":{"line":43,"column":59}},"20":{"start":{"line":43,"column":52},"end":{"line":43,"column":59}},"21":{"start":{"line":45,"column":20},"end":{"line":68,"column":5}},"22":{"start":{"line":46,"column":6},"end":{"line":65,"column":8}},"23":{"start":{"line":47,"column":8},"end":{"line":64,"column":10}},"24":{"start":{"line":48,"column":33},"end":{"line":48,"column":36}},"25":{"start":{"line":50,"column":10},"end":{"line":50,"column":18}},"26":{"start":{"line":51,"column":10},"end":{"line":51,"column":18}},"27":{"start":{"line":54,"column":10},"end":{"line":57,"column":11}},"28":{"start":{"line":55,"column":12},"end":{"line":55,"column":21}},"29":{"start":{"line":56,"column":12},"end":{"line":56,"column":66}},"30":{"start":{"line":58,"column":10},"end":{"line":61,"column":11}},"31":{"start":{"line":59,"column":12},"end":{"line":59,"column":21}},"32":{"start":{"line":60,"column":12},"end":{"line":60,"column":33}},"33":{"start":{"line":63,"column":10},"end":{"line":63,"column":34}},"34":{"start":{"line":67,"column":6},"end":{"line":67,"column":65}},"35":{"start":{"line":70,"column":4},"end":{"line":70,"column":14}},"36":{"start":{"line":72,"column":4},"end":{"line":76,"column":6}},"37":{"start":{"line":73,"column":6},"end":{"line":75,"column":7}},"38":{"start":{"line":74,"column":8},"end":{"line":74,"column":56}},"39":{"start":{"line":79,"column":2},"end":{"line":79,"column":37}},"40":{"start":{"line":79,"column":25},"end":{"line":79,"column":37}},"41":{"start":{"line":81,"column":2},"end":{"line":113,"column":4}},"42":{"start":{"line":84,"column":25},"end":{"line":84,"column":41}},"43":{"start":{"line":85,"column":8},"end":{"line":85,"column":35}},"44":{"start":{"line":85,"column":23},"end":{"line":85,"column":35}},"45":{"start":{"line":87,"column":8},"end":{"line":110,"column":10}},"46":{"start":{"line":116,"column":0},"end":{"line":116,"column":46}}},"fnMap":{"0":{"name":"(anonymous_0)","decl":{"start":{"line":20,"column":35},"end":{"line":20,"column":36}},"loc":{"start":{"line":20,"column":74},"end":{"line":114,"column":1}}},"1":{"name":"(anonymous_1)","decl":{"start":{"line":26,"column":12},"end":{"line":26,"column":15}},"loc":{"start":{"line":26,"column":17},"end":{"line":39,"column":3}}},"2":{"name":"(anonymous_2)","decl":{"start":{"line":29,"column":39},"end":{"line":29,"column":42}},"loc":{"start":{"line":29,"column":44},"end":{"line":36,"column":5}}},"3":{"name":"(anonymous_3)","decl":{"start":{"line":42,"column":12},"end":{"line":42,"column":15}},"loc":{"start":{"line":42,"column":17},"end":{"line":77,"column":3}}},"4":{"name":"(anonymous_4)","decl":{"start":{"line":45,"column":20},"end":{"line":45,"column":23}},"loc":{"start":{"line":45,"column":25},"end":{"line":68,"column":5}}},"5":{"name":"(anonymous_5)","decl":{"start":{"line":46,"column":19},"end":{"line":46,"column":32}},"loc":{"start":{"line":47,"column":8},"end":{"line":64,"column":10}}},"6":{"name":"(anonymous_6)","decl":{"start":{"line":47,"column":26},"end":{"line":47,"column":29}},"loc":{"start":{"line":47,"column":32},"end":{"line":64,"column":9}}},"7":{"name":"(anonymous_7)","decl":{"start":{"line":72,"column":11},"end":{"line":72,"column":14}},"loc":{"start":{"line":72,"column":16},"end":{"line":76,"column":5}}},"8":{"name":"(anonymous_8)","decl":{"start":{"line":83,"column":21},"end":{"line":83,"column":22}},"loc":{"start":{"line":83,"column":38},"end":{"line":111,"column":7}}}},"branchMap":{"0":{"loc":{"start":{"line":27,"column":4},"end":{"line":27,"column":34}},"type":"if","locations":[{"start":{"line":27,"column":4},"end":{"line":27,"column":34}}]},"1":{"loc":{"start":{"line":43,"column":4},"end":{"line":43,"column":59}},"type":"if","locations":[{"start":{"line":43,"column":4},"end":{"line":43,"column":59}}]},"2":{"loc":{"start":{"line":43,"column":8},"end":{"line":43,"column":50}},"type":"binary-expr","locations":[{"start":{"line":43,"column":8},"end":{"line":43,"column":25}},{"start":{"line":43,"column":29},"end":{"line":43,"column":50}}]},"3":{"loc":{"start":{"line":54,"column":10},"end":{"line":57,"column":11}},"type":"if","locations":[{"start":{"line":54,"column":10},"end":{"line":57,"column":11}}]},"4":{"loc":{"start":{"line":54,"column":14},"end":{"line":54,"column":54}},"type":"binary-expr","locations":[{"start":{"line":54,"column":14},"end":{"line":54,"column":29}},{"start":{"line":54,"column":33},"end":{"line":54,"column":54}}]},"5":{"loc":{"start":{"line":56,"column":16},"end":{"line":56,"column":65}},"type":"cond-expr","locations":[{"start":{"line":56,"column":34},"end":{"line":56,"column":45}},{"start":{"line":56,"column":48},"end":{"line":56,"column":65}}]},"6":{"loc":{"start":{"line":58,"column":10},"end":{"line":61,"column":11}},"type":"if","locations":[{"start":{"line":58,"column":10},"end":{"line":61,"column":11}}]},"7":{"loc":{"start":{"line":58,"column":14},"end":{"line":58,"column":30}},"type":"binary-expr","locations":[{"start":{"line":58,"column":14},"end":{"line":58,"column":20}},{"start":{"line":58,"column":24},"end":{"line":58,"column":30}}]},"8":{"loc":{"start":{"line":60,"column":16},"end":{"line":60,"column":32}},"type":"cond-expr","locations":[{"start":{"line":60,"column":25},"end":{"line":60,"column":27}},{"start":{"line":60,"column":30},"end":{"line":60,"column":32}}]},"9":{"loc":{"start":{"line":73,"column":6},"end":{"line":75,"column":7}},"type":"if","locations":[{"start":{"line":73,"column":6},"end":{"line":75,"column":7}}]},"10":{"loc":{"start":{"line":79,"column":2},"end":{"line":79,"column":37}},"type":"if","locations":[{"start":{"line":79,"column":2},"end":{"line":79,"column":37}}]},"11":{"loc":{"start":{"line":85,"column":8},"end":{"line":85,"column":35}},"type":"if","locations":[{"start":{"line":85,"column":8},"end":{"line":85,"column":35}}]}},"s":{"0":0,"1":0,"2":0,"3":0,"4":0,"5":0,"6":0,"7":0,"8":0,"9":0,"10":0,"11":0,"12":0,"13":0,"14":0,"15":0,"16":0,"17":0,"18":0,"19":0,"20":0,"21":0,"22":0,"23":0,"24":0,"25":0,"26":0,"27":0,"28":0,"29":0,"30":0,"31":0,"32":0,"33":0,"34":0,"35":0,"36":0,"37":0,"38":0,"39":0,"40":0,"41":0,"42":0,"43":0,"44":0,"45":0,"46":0},"f":{"0":0,"1":0,"2":0,"3":0,"4":0,"5":0,"6":0,"7":0,"8":0},"b":{"0":[0],"1":[0],"2":[0,0],"3":[0],"4":[0,0],"5":[0,0],"6":[0],"7":[0,0],"8":[0,0],"9":[0],"10":[0],"11":[0]}}
,"C:\\Users\\ashle\\OneDrive\\Documents\\GitHub\\focus-motivate-surge\\src\\components\\quotes\\QuoteDisplay.tsx": {"path":"C:\\Users\\ashle\\OneDrive\\Documents\\GitHub\\focus-motivate-surge\\src\\components\\quotes\\QuoteDisplay.tsx","statementMap":{"0":{"start":{"line":15,"column":28},"end":{"line":96,"column":1}},"1":{"start":{"line":26,"column":6},"end":{"line":30,"column":4}},"2":{"start":{"line":32,"column":2},"end":{"line":34,"column":3}},"3":{"start":{"line":33,"column":4},"end":{"line":33,"column":16}},"4":{"start":{"line":36,"column":2},"end":{"line":95,"column":4}},"5":{"start":{"line":44,"column":16},"end":{"line":45,"column":null}},"6":{"start":{"line":74,"column":16},"end":{"line":74,"column":29}},"7":{"start":{"line":75,"column":16},"end":{"line":75,"column":41}},"8":{"start":{"line":75,"column":30},"end":{"line":75,"column":41}}},"fnMap":{"0":{"name":"(anonymous_0)","decl":{"start":{"line":15,"column":28},"end":{"line":15,"column":29}},"loc":{"start":{"line":19,"column":37},"end":{"line":96,"column":1}}},"1":{"name":"(anonymous_1)","decl":{"start":{"line":43,"column":43},"end":{"line":43,"column":44}},"loc":{"start":{"line":44,"column":16},"end":{"line":45,"column":null}}},"2":{"name":"(anonymous_2)","decl":{"start":{"line":73,"column":23},"end":{"line":73,"column":26}},"loc":{"start":{"line":73,"column":28},"end":{"line":76,"column":15}}}},"branchMap":{"0":{"loc":{"start":{"line":32,"column":2},"end":{"line":34,"column":3}},"type":"if","locations":[{"start":{"line":32,"column":2},"end":{"line":34,"column":3}}]},"1":{"loc":{"start":{"line":56,"column":14},"end":{"line":56,"column":null}},"type":"cond-expr","locations":[{"start":{"line":56,"column":26},"end":{"line":56,"column":62}},{"start":{"line":56,"column":65},"end":{"line":56,"column":null}}]},"2":{"loc":{"start":{"line":63,"column":13},"end":{"line":66,"column":null}},"type":"binary-expr","locations":[{"start":{"line":63,"column":13},"end":{"line":63,"column":24}},{"start":{"line":64,"column":14},"end":{"line":65,"column":null}}]},"3":{"loc":{"start":{"line":75,"column":16},"end":{"line":75,"column":41}},"type":"if","locations":[{"start":{"line":75,"column":16},"end":{"line":75,"column":41}}]},"4":{"loc":{"start":{"line":78,"column":16},"end":{"line":78,"column":null}},"type":"cond-expr","locations":[{"start":{"line":78,"column":26},"end":{"line":78,"column":59}},{"start":{"line":78,"column":62},"end":{"line":78,"column":null}}]},"5":{"loc":{"start":{"line":81,"column":47},"end":{"line":81,"column":80}},"type":"cond-expr","locations":[{"start":{"line":81,"column":57},"end":{"line":81,"column":71}},{"start":{"line":81,"column":74},"end":{"line":81,"column":80}}]}},"s":{"0":0,"1":0,"2":0,"3":0,"4":0,"5":0,"6":0,"7":0,"8":0},"f":{"0":0,"1":0,"2":0},"b":{"0":[0],"1":[0,0],"2":[0,0],"3":[0],"4":[0,0],"5":[0,0]}}
,"C:\\Users\\ashle\\OneDrive\\Documents\\GitHub\\focus-motivate-surge\\src\\components\\tasks\\TaskInput.tsx": {"path":"C:\\Users\\ashle\\OneDrive\\Documents\\GitHub\\focus-motivate-surge\\src\\components\\tasks\\TaskInput.tsx","statementMap":{"0":{"start":{"line":20,"column":19},"end":{"line":26,"column":1}},"1":{"start":{"line":21,"column":2},"end":{"line":25,"column":5}},"2":{"start":{"line":22,"column":14},"end":{"line":22,"column":36}},"3":{"start":{"line":23,"column":14},"end":{"line":23,"column":45}},"4":{"start":{"line":24,"column":4},"end":{"line":24,"column":26}},"5":{"start":{"line":28,"column":25},"end":{"line":141,"column":1}},"6":{"start":{"line":29,"column":40},"end":{"line":29,"column":52}},"7":{"start":{"line":30,"column":36},"end":{"line":30,"column":51}},"8":{"start":{"line":31,"column":22},"end":{"line":31,"column":55}},"9":{"start":{"line":33,"column":23},"end":{"line":63,"column":3}},"10":{"start":{"line":34,"column":4},"end":{"line":34,"column":23}},"11":{"start":{"line":35,"column":4},"end":{"line":35,"column":36}},"12":{"start":{"line":35,"column":29},"end":{"line":35,"column":36}},"13":{"start":{"line":37,"column":4},"end":{"line":61,"column":5}},"14":{"start":{"line":38,"column":20},"end":{"line":38,"column":71}},"15":{"start":{"line":38,"column":59},"end":{"line":38,"column":70}},"16":{"start":{"line":39,"column":6},"end":{"line":53,"column":9}},"17":{"start":{"line":40,"column":8},"end":{"line":52,"column":9}},"18":{"start":{"line":42,"column":42},"end":{"line":42,"column":80}},"19":{"start":{"line":42,"column":71},"end":{"line":42,"column":79}},"20":{"start":{"line":44,"column":27},"end":{"line":44,"column":100}},"21":{"start":{"line":46,"column":10},"end":{"line":51,"column":13}},"22":{"start":{"line":55,"column":6},"end":{"line":60,"column":9}},"23":{"start":{"line":62,"column":4},"end":{"line":62,"column":23}},"24":{"start":{"line":65,"column":22},"end":{"line":67,"column":3}},"25":{"start":{"line":66,"column":4},"end":{"line":66,"column":23}},"26":{"start":{"line":70,"column":2},"end":{"line":83,"column":18}},"27":{"start":{"line":71,"column":26},"end":{"line":79,"column":5}},"28":{"start":{"line":72,"column":6},"end":{"line":78,"column":7}},"29":{"start":{"line":73,"column":8},"end":{"line":73,"column":27}},"30":{"start":{"line":74,"column":21},"end":{"line":74,"column":51}},"31":{"start":{"line":75,"column":8},"end":{"line":77,"column":9}},"32":{"start":{"line":76,"column":10},"end":{"line":76,"column":72}},"33":{"start":{"line":81,"column":4},"end":{"line":81,"column":54}},"34":{"start":{"line":82,"column":4},"end":{"line":82,"column":70}},"35":{"start":{"line":82,"column":17},"end":{"line":82,"column":69}},"36":{"start":{"line":85,"column":2},"end":{"line":140,"column":4}},"37":{"start":{"line":94,"column":33},"end":{"line":94,"column":63}},"38":{"start":{"line":102,"column":33},"end":{"line":102,"column":63}},"39":{"start":{"line":125,"column":49},"end":{"line":125,"column":68}},"40":{"start":{"line":128,"column":49},"end":{"line":128,"column":67}}},"fnMap":{"0":{"name":"(anonymous_0)","decl":{"start":{"line":20,"column":19},"end":{"line":20,"column":22}},"loc":{"start":{"line":20,"column":24},"end":{"line":26,"column":1}}},"1":{"name":"(anonymous_1)","decl":{"start":{"line":21,"column":65},"end":{"line":21,"column":74}},"loc":{"start":{"line":21,"column":75},"end":{"line":25,"column":3}}},"2":{"name":"(anonymous_2)","decl":{"start":{"line":28,"column":25},"end":{"line":28,"column":26}},"loc":{"start":{"line":28,"column":59},"end":{"line":141,"column":1}}},"3":{"name":"(anonymous_3)","decl":{"start":{"line":33,"column":23},"end":{"line":33,"column":24}},"loc":{"start":{"line":33,"column":46},"end":{"line":63,"column":3}}},"4":{"name":"(anonymous_4)","decl":{"start":{"line":38,"column":51},"end":{"line":38,"column":55}},"loc":{"start":{"line":38,"column":59},"end":{"line":38,"column":70}}},"5":{"name":"(anonymous_5)","decl":{"start":{"line":39,"column":20},"end":{"line":39,"column":28}},"loc":{"start":{"line":39,"column":31},"end":{"line":53,"column":7}}},"6":{"name":"(anonymous_6)","decl":{"start":{"line":42,"column":66},"end":{"line":42,"column":67}},"loc":{"start":{"line":42,"column":71},"end":{"line":42,"column":79}}},"7":{"name":"(anonymous_7)","decl":{"start":{"line":65,"column":22},"end":{"line":65,"column":25}},"loc":{"start":{"line":65,"column":27},"end":{"line":67,"column":3}}},"8":{"name":"(anonymous_8)","decl":{"start":{"line":70,"column":12},"end":{"line":70,"column":15}},"loc":{"start":{"line":70,"column":17},"end":{"line":83,"column":3}}},"9":{"name":"(anonymous_9)","decl":{"start":{"line":71,"column":26},"end":{"line":71,"column":27}},"loc":{"start":{"line":71,"column":47},"end":{"line":79,"column":5}}},"10":{"name":"(anonymous_10)","decl":{"start":{"line":82,"column":11},"end":{"line":82,"column":14}},"loc":{"start":{"line":82,"column":17},"end":{"line":82,"column":69}}},"11":{"name":"(anonymous_11)","decl":{"start":{"line":94,"column":26},"end":{"line":94,"column":27}},"loc":{"start":{"line":94,"column":33},"end":{"line":94,"column":63}}},"12":{"name":"(anonymous_12)","decl":{"start":{"line":102,"column":26},"end":{"line":102,"column":27}},"loc":{"start":{"line":102,"column":33},"end":{"line":102,"column":63}}},"13":{"name":"(anonymous_13)","decl":{"start":{"line":125,"column":43},"end":{"line":125,"column":46}},"loc":{"start":{"line":125,"column":49},"end":{"line":125,"column":68}}},"14":{"name":"(anonymous_14)","decl":{"start":{"line":128,"column":43},"end":{"line":128,"column":46}},"loc":{"start":{"line":128,"column":49},"end":{"line":128,"column":67}}}},"branchMap":{"0":{"loc":{"start":{"line":23,"column":14},"end":{"line":23,"column":45}},"type":"cond-expr","locations":[{"start":{"line":23,"column":26},"end":{"line":23,"column":27}},{"start":{"line":23,"column":31},"end":{"line":23,"column":44}}]},"1":{"loc":{"start":{"line":35,"column":4},"end":{"line":35,"column":36}},"type":"if","locations":[{"start":{"line":35,"column":4},"end":{"line":35,"column":36}}]},"2":{"loc":{"start":{"line":37,"column":4},"end":{"line":61,"column":5}},"type":"if","locations":[{"start":{"line":37,"column":4},"end":{"line":61,"column":5}},{"start":{"line":54,"column":11},"end":{"line":61,"column":5}}]},"3":{"loc":{"start":{"line":40,"column":8},"end":{"line":52,"column":9}},"type":"if","locations":[{"start":{"line":40,"column":8},"end":{"line":52,"column":9}}]},"4":{"loc":{"start":{"line":44,"column":27},"end":{"line":44,"column":100}},"type":"cond-expr","locations":[{"start":{"line":44,"column":41},"end":{"line":44,"column":95}},{"start":{"line":44,"column":98},"end":{"line":44,"column":100}}]},"5":{"loc":{"start":{"line":44,"column":59},"end":{"line":44,"column":86}},"type":"binary-expr","locations":[{"start":{"line":44,"column":59},"end":{"line":44,"column":80}},{"start":{"line":44,"column":84},"end":{"line":44,"column":86}}]},"6":{"loc":{"start":{"line":72,"column":6},"end":{"line":78,"column":7}},"type":"if","locations":[{"start":{"line":72,"column":6},"end":{"line":78,"column":7}}]},"7":{"loc":{"start":{"line":72,"column":10},"end":{"line":72,"column":68}},"type":"binary-expr","locations":[{"start":{"line":72,"column":10},"end":{"line":72,"column":19}},{"start":{"line":72,"column":24},"end":{"line":72,"column":33}},{"start":{"line":72,"column":37},"end":{"line":72,"column":46}},{"start":{"line":72,"column":51},"end":{"line":72,"column":68}}]},"8":{"loc":{"start":{"line":75,"column":8},"end":{"line":77,"column":9}},"type":"if","locations":[{"start":{"line":75,"column":8},"end":{"line":77,"column":9}}]},"9":{"loc":{"start":{"line":90,"column":13},"end":{"line":105,"column":null}},"type":"cond-expr","locations":[{"start":{"line":91,"column":14},"end":{"line":96,"column":null}},{"start":{"line":99,"column":14},"end":{"line":104,"column":null}}]},"10":{"loc":{"start":{"line":107,"column":13},"end":{"line":114,"column":null}},"type":"binary-expr","locations":[{"start":{"line":107,"column":13},"end":{"line":107,"column":24}},{"start":{"line":108,"column":14},"end":{"line":113,"column":null}}]}},"s":{"0":0,"1":0,"2":0,"3":0,"4":0,"5":0,"6":0,"7":0,"8":0,"9":0,"10":0,"11":0,"12":0,"13":0,"14":0,"15":0,"16":0,"17":0,"18":0,"19":0,"20":0,"21":0,"22":0,"23":0,"24":0,"25":0,"26":0,"27":0,"28":0,"29":0,"30":0,"31":0,"32":0,"33":0,"34":0,"35":0,"36":0,"37":0,"38":0,"39":0,"40":0},"f":{"0":0,"1":0,"2":0,"3":0,"4":0,"5":0,"6":0,"7":0,"8":0,"9":0,"10":0,"11":0,"12":0,"13":0,"14":0},"b":{"0":[0,0],"1":[0],"2":[0,0],"3":[0],"4":[0,0],"5":[0,0],"6":[0],"7":[0,0,0,0],"8":[0],"9":[0,0],"10":[0,0]}}
,"C:\\Users\\ashle\\OneDrive\\Documents\\GitHub\\focus-motivate-surge\\src\\components\\tasks\\TaskList.tsx": {"path":"C:\\Users\\ashle\\OneDrive\\Documents\\GitHub\\focus-motivate-surge\\src\\components\\tasks\\TaskList.tsx","statementMap":{"0":{"start":{"line":38,"column":24},"end":{"line":93,"column":1}},"1":{"start":{"line":57,"column":6},"end":{"line":66,"column":4}},"2":{"start":{"line":68,"column":2},"end":{"line":92,"column":4}},"3":{"start":{"line":83,"column":29},"end":{"line":83,"column":52}},"4":{"start":{"line":88,"column":23},"end":{"line":88,"column":47}}},"fnMap":{"0":{"name":"(anonymous_0)","decl":{"start":{"line":38,"column":24},"end":{"line":38,"column":25}},"loc":{"start":{"line":48,"column":20},"end":{"line":93,"column":1}}},"1":{"name":"(anonymous_1)","decl":{"start":{"line":83,"column":23},"end":{"line":83,"column":26}},"loc":{"start":{"line":83,"column":29},"end":{"line":83,"column":52}}},"2":{"name":"(anonymous_2)","decl":{"start":{"line":88,"column":17},"end":{"line":88,"column":20}},"loc":{"start":{"line":88,"column":23},"end":{"line":88,"column":47}}}},"branchMap":{"0":{"loc":{"start":{"line":46,"column":2},"end":{"line":46,"column":16}},"type":"default-arg","locations":[{"start":{"line":46,"column":14},"end":{"line":46,"column":16}}]},"1":{"loc":{"start":{"line":77,"column":22},"end":{"line":77,"column":82}},"type":"cond-expr","locations":[{"start":{"line":77,"column":49},"end":{"line":77,"column":67}},{"start":{"line":77,"column":70},"end":{"line":77,"column":82}}]}},"s":{"0":0,"1":0,"2":0,"3":0,"4":0},"f":{"0":0,"1":0,"2":0},"b":{"0":[0],"1":[0,0]}}
,"C:\\Users\\ashle\\OneDrive\\Documents\\GitHub\\focus-motivate-surge\\src\\components\\tasks\\TaskManager.tsx": {"path":"C:\\Users\\ashle\\OneDrive\\Documents\\GitHub\\focus-motivate-surge\\src\\components\\tasks\\TaskManager.tsx","statementMap":{"0":{"start":{"line":17,"column":27},"end":{"line":102,"column":1}},"1":{"start":{"line":25,"column":36},"end":{"line":25,"column":71}},"2":{"start":{"line":38,"column":6},"end":{"line":43,"column":4}},"3":{"start":{"line":45,"column":32},"end":{"line":49,"column":3}},"4":{"start":{"line":46,"column":4},"end":{"line":46,"column":60}},"5":{"start":{"line":47,"column":4},"end":{"line":47,"column":31}},"6":{"start":{"line":48,"column":4},"end":{"line":48,"column":38}},"7":{"start":{"line":51,"column":33},"end":{"line":60,"column":49}},"8":{"start":{"line":52,"column":4},"end":{"line":52,"column":70}},"9":{"start":{"line":54,"column":4},"end":{"line":54,"column":26}},"10":{"start":{"line":55,"column":4},"end":{"line":55,"column":33}},"11":{"start":{"line":56,"column":4},"end":{"line":59,"column":7}},"12":{"start":{"line":62,"column":35},"end":{"line":71,"column":30}},"13":{"start":{"line":63,"column":4},"end":{"line":63,"column":52}},"14":{"start":{"line":64,"column":4},"end":{"line":70,"column":5}},"15":{"start":{"line":65,"column":6},"end":{"line":69,"column":9}},"16":{"start":{"line":65,"column":23},"end":{"line":68,"column":null}},"17":{"start":{"line":66,"column":8},"end":{"line":68,"column":16}},"18":{"start":{"line":73,"column":2},"end":{"line":101,"column":4}},"19":{"start":{"line":104,"column":0},"end":{"line":104,"column":40}}},"fnMap":{"0":{"name":"(anonymous_0)","decl":{"start":{"line":17,"column":27},"end":{"line":17,"column":28}},"loc":{"start":{"line":24,"column":23},"end":{"line":102,"column":1}}},"1":{"name":"(anonymous_1)","decl":{"start":{"line":45,"column":32},"end":{"line":45,"column":33}},"loc":{"start":{"line":45,"column":58},"end":{"line":49,"column":3}}},"2":{"name":"(anonymous_2)","decl":{"start":{"line":51,"column":45},"end":{"line":51,"column":48}},"loc":{"start":{"line":51,"column":50},"end":{"line":60,"column":3}}},"3":{"name":"(anonymous_3)","decl":{"start":{"line":62,"column":47},"end":{"line":62,"column":48}},"loc":{"start":{"line":62,"column":67},"end":{"line":71,"column":3}}},"4":{"name":"(anonymous_4)","decl":{"start":{"line":65,"column":15},"end":{"line":65,"column":19}},"loc":{"start":{"line":65,"column":23},"end":{"line":68,"column":null}}},"5":{"name":"(anonymous_5)","decl":{"start":{"line":65,"column":32},"end":{"line":65,"column":36}},"loc":{"start":{"line":66,"column":8},"end":{"line":68,"column":16}}}},"branchMap":{"0":{"loc":{"start":{"line":18,"column":2},"end":{"line":18,"column":19}},"type":"default-arg","locations":[{"start":{"line":18,"column":17},"end":{"line":18,"column":19}}]},"1":{"loc":{"start":{"line":19,"column":2},"end":{"line":19,"column":28}},"type":"default-arg","locations":[{"start":{"line":19,"column":26},"end":{"line":19,"column":28}}]},"2":{"loc":{"start":{"line":20,"column":2},"end":{"line":20,"column":23}},"type":"default-arg","locations":[{"start":{"line":20,"column":21},"end":{"line":20,"column":23}}]},"3":{"loc":{"start":{"line":64,"column":4},"end":{"line":70,"column":5}},"type":"if","locations":[{"start":{"line":64,"column":4},"end":{"line":70,"column":5}}]},"4":{"loc":{"start":{"line":66,"column":8},"end":{"line":68,"column":16}},"type":"cond-expr","locations":[{"start":{"line":67,"column":12},"end":{"line":67,"column":42}},{"start":{"line":68,"column":12},"end":{"line":68,"column":16}}]}},"s":{"0":0,"1":0,"2":0,"3":0,"4":0,"5":0,"6":0,"7":0,"8":0,"9":0,"10":0,"11":0,"12":0,"13":0,"14":0,"15":0,"16":0,"17":0,"18":0,"19":0},"f":{"0":0,"1":0,"2":0,"3":0,"4":0,"5":0},"b":{"0":[0],"1":[0],"2":[0],"3":[0],"4":[0,0]}}
,"C:\\Users\\ashle\\OneDrive\\Documents\\GitHub\\focus-motivate-surge\\src\\components\\tasks\\TaskRow.tsx": {"path":"C:\\Users\\ashle\\OneDrive\\Documents\\GitHub\\focus-motivate-surge\\src\\components\\tasks\\TaskRow.tsx","statementMap":{"0":{"start":{"line":17,"column":23},"end":{"line":137,"column":1}},"1":{"start":{"line":27,"column":38},"end":{"line":27,"column":81}},"2":{"start":{"line":30,"column":2},"end":{"line":34,"column":22}},"3":{"start":{"line":31,"column":4},"end":{"line":33,"column":5}},"4":{"start":{"line":32,"column":6},"end":{"line":32,"column":46}},"5":{"start":{"line":36,"column":29},"end":{"line":38,"column":3}},"6":{"start":{"line":37,"column":4},"end":{"line":37,"column":24}},"7":{"start":{"line":40,"column":24},"end":{"line":45,"column":3}},"8":{"start":{"line":41,"column":4},"end":{"line":43,"column":5}},"9":{"start":{"line":42,"column":6},"end":{"line":42,"column":29}},"10":{"start":{"line":44,"column":4},"end":{"line":44,"column":24}},"11":{"start":{"line":47,"column":23},"end":{"line":53,"column":3}},"12":{"start":{"line":48,"column":18},"end":{"line":48,"column":32}},"13":{"start":{"line":50,"column":4},"end":{"line":52,"column":5}},"14":{"start":{"line":51,"column":6},"end":{"line":51,"column":27}},"15":{"start":{"line":55,"column":21},"end":{"line":68,"column":3}},"16":{"start":{"line":56,"column":21},"end":{"line":56,"column":25}},"17":{"start":{"line":58,"column":4},"end":{"line":63,"column":5}},"18":{"start":{"line":59,"column":23},"end":{"line":59,"column":47}},"19":{"start":{"line":60,"column":6},"end":{"line":62,"column":7}},"20":{"start":{"line":61,"column":8},"end":{"line":61,"column":68}},"21":{"start":{"line":65,"column":4},"end":{"line":65,"column":30}},"22":{"start":{"line":66,"column":4},"end":{"line":66,"column":42}},"23":{"start":{"line":67,"column":4},"end":{"line":67,"column":18}},"24":{"start":{"line":70,"column":2},"end":{"line":136,"column":4}},"25":{"start":{"line":81,"column":56},"end":{"line":81,"column":76}},"26":{"start":{"line":112,"column":30},"end":{"line":112,"column":57}},"27":{"start":{"line":113,"column":35},"end":{"line":113,"column":62}},"28":{"start":{"line":123,"column":12},"end":{"line":123,"column":32}},"29":{"start":{"line":124,"column":12},"end":{"line":124,"column":34}},"30":{"start":{"line":127,"column":12},"end":{"line":127,"column":32}},"31":{"start":{"line":128,"column":12},"end":{"line":128,"column":34}}},"fnMap":{"0":{"name":"(anonymous_0)","decl":{"start":{"line":17,"column":23},"end":{"line":17,"column":24}},"loc":{"start":{"line":26,"column":19},"end":{"line":137,"column":1}}},"1":{"name":"(anonymous_1)","decl":{"start":{"line":30,"column":12},"end":{"line":30,"column":15}},"loc":{"start":{"line":30,"column":17},"end":{"line":34,"column":3}}},"2":{"name":"(anonymous_2)","decl":{"start":{"line":36,"column":29},"end":{"line":36,"column":30}},"loc":{"start":{"line":36,"column":98},"end":{"line":38,"column":3}}},"3":{"name":"(anonymous_3)","decl":{"start":{"line":40,"column":24},"end":{"line":40,"column":25}},"loc":{"start":{"line":40,"column":69},"end":{"line":45,"column":3}}},"4":{"name":"(anonymous_4)","decl":{"start":{"line":47,"column":23},"end":{"line":47,"column":24}},"loc":{"start":{"line":47,"column":66},"end":{"line":53,"column":3}}},"5":{"name":"(anonymous_5)","decl":{"start":{"line":55,"column":21},"end":{"line":55,"column":24}},"loc":{"start":{"line":55,"column":26},"end":{"line":68,"column":3}}},"6":{"name":"(anonymous_6)","decl":{"start":{"line":81,"column":15},"end":{"line":81,"column":16}},"loc":{"start":{"line":81,"column":56},"end":{"line":81,"column":76}}},"7":{"name":"(anonymous_7)","decl":{"start":{"line":112,"column":23},"end":{"line":112,"column":24}},"loc":{"start":{"line":112,"column":30},"end":{"line":112,"column":57}}},"8":{"name":"(anonymous_8)","decl":{"start":{"line":113,"column":28},"end":{"line":113,"column":29}},"loc":{"start":{"line":113,"column":35},"end":{"line":113,"column":62}}},"9":{"name":"(anonymous_9)","decl":{"start":{"line":122,"column":19},"end":{"line":122,"column":20}},"loc":{"start":{"line":122,"column":25},"end":{"line":125,"column":11}}},"10":{"name":"(anonymous_10)","decl":{"start":{"line":126,"column":24},"end":{"line":126,"column":25}},"loc":{"start":{"line":126,"column":30},"end":{"line":129,"column":11}}}},"branchMap":{"0":{"loc":{"start":{"line":27,"column":47},"end":{"line":27,"column":80}},"type":"binary-expr","locations":[{"start":{"line":27,"column":47},"end":{"line":27,"column":72}},{"start":{"line":27,"column":76},"end":{"line":27,"column":80}}]},"1":{"loc":{"start":{"line":31,"column":4},"end":{"line":33,"column":5}},"type":"if","locations":[{"start":{"line":31,"column":4},"end":{"line":33,"column":5}}]},"2":{"loc":{"start":{"line":41,"column":4},"end":{"line":43,"column":5}},"type":"if","locations":[{"start":{"line":41,"column":4},"end":{"line":43,"column":5}}]},"3":{"loc":{"start":{"line":50,"column":4},"end":{"line":52,"column":5}},"type":"if","locations":[{"start":{"line":50,"column":4},"end":{"line":52,"column":5}}]},"4":{"loc":{"start":{"line":50,"column":8},"end":{"line":50,"column":43}},"type":"binary-expr","locations":[{"start":{"line":50,"column":8},"end":{"line":50,"column":20}},{"start":{"line":50,"column":24},"end":{"line":50,"column":43}}]},"5":{"loc":{"start":{"line":58,"column":4},"end":{"line":63,"column":5}},"type":"if","locations":[{"start":{"line":58,"column":4},"end":{"line":63,"column":5}}]},"6":{"loc":{"start":{"line":60,"column":6},"end":{"line":62,"column":7}},"type":"if","locations":[{"start":{"line":60,"column":6},"end":{"line":62,"column":7}}]},"7":{"loc":{"start":{"line":76,"column":10},"end":{"line":78,"column":null}},"type":"cond-expr","locations":[{"start":{"line":77,"column":12},"end":{"line":77,"column":44}},{"start":{"line":78,"column":12},"end":{"line":78,"column":null}}]},"8":{"loc":{"start":{"line":95,"column":11},"end":{"line":116,"column":null}},"type":"cond-expr","locations":[{"start":{"line":96,"column":12},"end":{"line":107,"column":null}},{"start":{"line":110,"column":12},"end":{"line":115,"column":null}}]},"9":{"loc":{"start":{"line":115,"column":15},"end":{"line":115,"column":34}},"type":"binary-expr","locations":[{"start":{"line":115,"column":15},"end":{"line":115,"column":28}},{"start":{"line":115,"column":32},"end":{"line":115,"column":34}}]}},"s":{"0":0,"1":0,"2":0,"3":0,"4":0,"5":0,"6":0,"7":0,"8":0,"9":0,"10":0,"11":0,"12":0,"13":0,"14":0,"15":0,"16":0,"17":0,"18":0,"19":0,"20":0,"21":0,"22":0,"23":0,"24":0,"25":0,"26":0,"27":0,"28":0,"29":0,"30":0,"31":0},"f":{"0":0,"1":0,"2":0,"3":0,"4":0,"5":0,"6":0,"7":0,"8":0,"9":0,"10":0},"b":{"0":[0,0],"1":[0],"2":[0],"3":[0],"4":[0,0],"5":[0],"6":[0],"7":[0,0],"8":[0,0],"9":[0,0]}}
,"C:\\Users\\ashle\\OneDrive\\Documents\\GitHub\\focus-motivate-surge\\src\\components\\tasks\\TaskTable.tsx": {"path":"C:\\Users\\ashle\\OneDrive\\Documents\\GitHub\\focus-motivate-surge\\src\\components\\tasks\\TaskTable.tsx","statementMap":{"0":{"start":{"line":14,"column":25},"end":{"line":79,"column":1}},"1":{"start":{"line":22,"column":44},"end":{"line":22,"column":73}},"2":{"start":{"line":24,"column":31},"end":{"line":41,"column":26}},"3":{"start":{"line":25,"column":17},"end":{"line":25,"column":49}},"4":{"start":{"line":25,"column":33},"end":{"line":25,"column":48}},"5":{"start":{"line":26,"column":4},"end":{"line":26,"column":22}},"6":{"start":{"line":26,"column":15},"end":{"line":26,"column":22}},"7":{"start":{"line":28,"column":21},"end":{"line":28,"column":42}},"8":{"start":{"line":29,"column":4},"end":{"line":29,"column":32}},"9":{"start":{"line":29,"column":25},"end":{"line":29,"column":32}},"10":{"start":{"line":31,"column":24},"end":{"line":31,"column":45}},"11":{"start":{"line":34,"column":4},"end":{"line":38,"column":43}},"12":{"start":{"line":40,"column":4},"end":{"line":40,"column":27}},"13":{"start":{"line":43,"column":30},"end":{"line":46,"column":8}},"14":{"start":{"line":44,"column":4},"end":{"line":44,"column":24}},"15":{"start":{"line":45,"column":4},"end":{"line":45,"column":29}},"16":{"start":{"line":48,"column":26},"end":{"line":50,"column":8}},"17":{"start":{"line":49,"column":4},"end":{"line":49,"column":27}},"18":{"start":{"line":52,"column":2},"end":{"line":78,"column":4}},"19":{"start":{"line":55,"column":8},"end":{"line":56,"column":null}}},"fnMap":{"0":{"name":"(anonymous_0)","decl":{"start":{"line":14,"column":25},"end":{"line":14,"column":26}},"loc":{"start":{"line":21,"column":21},"end":{"line":79,"column":1}}},"1":{"name":"(anonymous_1)","decl":{"start":{"line":24,"column":43},"end":{"line":24,"column":44}},"loc":{"start":{"line":24,"column":83},"end":{"line":41,"column":3}}},"2":{"name":"(anonymous_2)","decl":{"start":{"line":25,"column":28},"end":{"line":25,"column":29}},"loc":{"start":{"line":25,"column":33},"end":{"line":25,"column":48}}},"3":{"name":"(anonymous_3)","decl":{"start":{"line":36,"column":23},"end":{"line":36,"column":26}},"loc":{"start":{"line":36,"column":28},"end":{"line":36,"column":31}}},"4":{"name":"(anonymous_4)","decl":{"start":{"line":37,"column":22},"end":{"line":37,"column":25}},"loc":{"start":{"line":37,"column":27},"end":{"line":37,"column":30}}},"5":{"name":"(anonymous_5)","decl":{"start":{"line":43,"column":42},"end":{"line":43,"column":43}},"loc":{"start":{"line":43,"column":127},"end":{"line":46,"column":3}}},"6":{"name":"(anonymous_6)","decl":{"start":{"line":48,"column":38},"end":{"line":48,"column":41}},"loc":{"start":{"line":48,"column":43},"end":{"line":50,"column":3}}},"7":{"name":"(anonymous_7)","decl":{"start":{"line":54,"column":17},"end":{"line":54,"column":18}},"loc":{"start":{"line":55,"column":8},"end":{"line":56,"column":null}}}},"branchMap":{"0":{"loc":{"start":{"line":26,"column":4},"end":{"line":26,"column":22}},"type":"if","locations":[{"start":{"line":26,"column":4},"end":{"line":26,"column":22}}]},"1":{"loc":{"start":{"line":29,"column":4},"end":{"line":29,"column":32}},"type":"if","locations":[{"start":{"line":29,"column":4},"end":{"line":29,"column":32}}]},"2":{"loc":{"start":{"line":68,"column":7},"end":{"line":75,"column":null}},"type":"binary-expr","locations":[{"start":{"line":68,"column":7},"end":{"line":68,"column":23}},{"start":{"line":69,"column":8},"end":{"line":72,"column":null}}]}},"s":{"0":0,"1":0,"2":0,"3":0,"4":0,"5":0,"6":0,"7":0,"8":0,"9":0,"10":0,"11":0,"12":0,"13":0,"14":0,"15":0,"16":0,"17":0,"18":0,"19":0},"f":{"0":0,"1":0,"2":0,"3":0,"4":0,"5":0,"6":0,"7":0},"b":{"0":[0],"1":[0],"2":[0,0]}}
,"C:\\Users\\ashle\\OneDrive\\Documents\\GitHub\\focus-motivate-surge\\src\\components\\timer\\CompletionCelebration.tsx": {"path":"C:\\Users\\ashle\\OneDrive\\Documents\\GitHub\\focus-motivate-surge\\src\\components\\timer\\CompletionCelebration.tsx","statementMap":{"0":{"start":{"line":22,"column":37},"end":{"line":174,"column":1}},"1":{"start":{"line":30,"column":25},"end":{"line":54,"column":3}},"2":{"start":{"line":32,"column":4},"end":{"line":35,"column":5}},"3":{"start":{"line":33,"column":6},"end":{"line":33,"column":58}},"4":{"start":{"line":34,"column":6},"end":{"line":34,"column":22}},"5":{"start":{"line":37,"column":25},"end":{"line":37,"column":44}},"6":{"start":{"line":38,"column":4},"end":{"line":40,"column":5}},"7":{"start":{"line":39,"column":6},"end":{"line":39,"column":67}},"8":{"start":{"line":42,"column":20},"end":{"line":42,"column":49}},"9":{"start":{"line":43,"column":29},"end":{"line":43,"column":46}},"10":{"start":{"line":45,"column":4},"end":{"line":49,"column":5}},"11":{"start":{"line":46,"column":6},"end":{"line":48,"column":54}},"12":{"start":{"line":51,"column":18},"end":{"line":51,"column":42}},"13":{"start":{"line":52,"column":26},"end":{"line":52,"column":38}},"14":{"start":{"line":53,"column":4},"end":{"line":53,"column":71}},"15":{"start":{"line":56,"column":21},"end":{"line":65,"column":null}},"16":{"start":{"line":57,"column":4},"end":{"line":64,"column":null}},"17":{"start":{"line":68,"column":2},"end":{"line":68,"column":37}},"18":{"start":{"line":68,"column":25},"end":{"line":68,"column":37}},"19":{"start":{"line":70,"column":22},"end":{"line":80,"column":4}},"20":{"start":{"line":82,"column":2},"end":{"line":173,"column":4}},"21":{"start":{"line":176,"column":0},"end":{"line":176,"column":60}}},"fnMap":{"0":{"name":"(anonymous_0)","decl":{"start":{"line":22,"column":37},"end":{"line":22,"column":38}},"loc":{"start":{"line":29,"column":33},"end":{"line":174,"column":1}}},"1":{"name":"(anonymous_1)","decl":{"start":{"line":30,"column":25},"end":{"line":30,"column":26}},"loc":{"start":{"line":30,"column":45},"end":{"line":54,"column":3}}},"2":{"name":"(anonymous_2)","decl":{"start":{"line":56,"column":21},"end":{"line":56,"column":22}},"loc":{"start":{"line":57,"column":4},"end":{"line":64,"column":null}}}},"branchMap":{"0":{"loc":{"start":{"line":32,"column":4},"end":{"line":35,"column":5}},"type":"if","locations":[{"start":{"line":32,"column":4},"end":{"line":35,"column":5}}]},"1":{"loc":{"start":{"line":32,"column":8},"end":{"line":32,"column":53}},"type":"binary-expr","locations":[{"start":{"line":32,"column":8},"end":{"line":32,"column":35}},{"start":{"line":32,"column":39},"end":{"line":32,"column":53}}]},"2":{"loc":{"start":{"line":38,"column":4},"end":{"line":40,"column":5}},"type":"if","locations":[{"start":{"line":38,"column":4},"end":{"line":40,"column":5}}]},"3":{"loc":{"start":{"line":39,"column":35},"end":{"line":39,"column":64}},"type":"cond-expr","locations":[{"start":{"line":39,"column":56},"end":{"line":39,"column":59}},{"start":{"line":39,"column":62},"end":{"line":39,"column":64}}]},"4":{"loc":{"start":{"line":45,"column":4},"end":{"line":49,"column":5}},"type":"if","locations":[{"start":{"line":45,"column":4},"end":{"line":49,"column":5}}]},"5":{"loc":{"start":{"line":46,"column":13},"end":{"line":48,"column":53}},"type":"cond-expr","locations":[{"start":{"line":47,"column":10},"end":{"line":47,"column":44}},{"start":{"line":48,"column":10},"end":{"line":48,"column":53}}]},"6":{"loc":{"start":{"line":48,"column":27},"end":{"line":48,"column":51}},"type":"cond-expr","locations":[{"start":{"line":48,"column":43},"end":{"line":48,"column":46}},{"start":{"line":48,"column":49},"end":{"line":48,"column":51}}]},"7":{"loc":{"start":{"line":53,"column":24},"end":{"line":53,"column":68}},"type":"cond-expr","locations":[{"start":{"line":53,"column":44},"end":{"line":53,"column":63}},{"start":{"line":53,"column":66},"end":{"line":53,"column":68}}]},"8":{"loc":{"start":{"line":68,"column":2},"end":{"line":68,"column":37}},"type":"if","locations":[{"start":{"line":68,"column":2},"end":{"line":68,"column":37}}]},"9":{"loc":{"start":{"line":68,"column":6},"end":{"line":68,"column":23}},"type":"binary-expr","locations":[{"start":{"line":68,"column":6},"end":{"line":68,"column":11}},{"start":{"line":68,"column":15},"end":{"line":68,"column":23}}]},"10":{"loc":{"start":{"line":71,"column":18},"end":{"line":71,"column":43}},"type":"binary-expr","locations":[{"start":{"line":71,"column":18},"end":{"line":71,"column":38}},{"start":{"line":71,"column":42},"end":{"line":71,"column":43}}]},"11":{"loc":{"start":{"line":72,"column":20},"end":{"line":72,"column":47}},"type":"binary-expr","locations":[{"start":{"line":72,"column":20},"end":{"line":72,"column":42}},{"start":{"line":72,"column":46},"end":{"line":72,"column":47}}]},"12":{"loc":{"start":{"line":73,"column":22},"end":{"line":73,"column":51}},"type":"binary-expr","locations":[{"start":{"line":73,"column":22},"end":{"line":73,"column":46}},{"start":{"line":73,"column":50},"end":{"line":73,"column":51}}]},"13":{"loc":{"start":{"line":74,"column":21},"end":{"line":74,"column":49}},"type":"binary-expr","locations":[{"start":{"line":74,"column":21},"end":{"line":74,"column":44}},{"start":{"line":74,"column":48},"end":{"line":74,"column":49}}]},"14":{"loc":{"start":{"line":75,"column":16},"end":{"line":75,"column":39}},"type":"binary-expr","locations":[{"start":{"line":75,"column":16},"end":{"line":75,"column":34}},{"start":{"line":75,"column":38},"end":{"line":75,"column":39}}]},"15":{"loc":{"start":{"line":76,"column":20},"end":{"line":76,"column":47}},"type":"binary-expr","locations":[{"start":{"line":76,"column":20},"end":{"line":76,"column":42}},{"start":{"line":76,"column":46},"end":{"line":76,"column":47}}]},"16":{"loc":{"start":{"line":77,"column":16},"end":{"line":77,"column":39}},"type":"binary-expr","locations":[{"start":{"line":77,"column":16},"end":{"line":77,"column":34}},{"start":{"line":77,"column":38},"end":{"line":77,"column":39}}]},"17":{"loc":{"start":{"line":78,"column":19},"end":{"line":78,"column":45}},"type":"binary-expr","locations":[{"start":{"line":78,"column":19},"end":{"line":78,"column":40}},{"start":{"line":78,"column":44},"end":{"line":78,"column":45}}]},"18":{"loc":{"start":{"line":79,"column":22},"end":{"line":79,"column":61}},"type":"binary-expr","locations":[{"start":{"line":79,"column":22},"end":{"line":79,"column":46}},{"start":{"line":79,"column":50},"end":{"line":79,"column":61}}]},"19":{"loc":{"start":{"line":135,"column":19},"end":{"line":135,"column":60}},"type":"binary-expr","locations":[{"start":{"line":135,"column":19},"end":{"line":135,"column":51}},{"start":{"line":135,"column":55},"end":{"line":135,"column":60}}]},"20":{"loc":{"start":{"line":136,"column":19},"end":{"line":136,"column":60}},"type":"binary-expr","locations":[{"start":{"line":136,"column":19},"end":{"line":136,"column":51}},{"start":{"line":136,"column":55},"end":{"line":136,"column":60}}]},"21":{"loc":{"start":{"line":142,"column":54},"end":{"line":142,"column":103}},"type":"cond-expr","locations":[{"start":{"line":142,"column":85},"end":{"line":142,"column":92}},{"start":{"line":142,"column":95},"end":{"line":142,"column":103}}]},"22":{"loc":{"start":{"line":145,"column":17},"end":{"line":150,"column":null}},"type":"binary-expr","locations":[{"start":{"line":145,"column":17},"end":{"line":145,"column":46}},{"start":{"line":146,"column":18},"end":{"line":149,"column":null}}]},"23":{"loc":{"start":{"line":156,"column":58},"end":{"line":156,"column":111}},"type":"cond-expr","locations":[{"start":{"line":156,"column":93},"end":{"line":156,"column":100}},{"start":{"line":156,"column":103},"end":{"line":156,"column":111}}]}},"s":{"0":0,"1":0,"2":0,"3":0,"4":0,"5":0,"6":0,"7":0,"8":0,"9":0,"10":0,"11":0,"12":0,"13":0,"14":0,"15":0,"16":0,"17":0,"18":0,"19":0,"20":0,"21":0},"f":{"0":0,"1":0,"2":0},"b":{"0":[0],"1":[0,0],"2":[0],"3":[0,0],"4":[0],"5":[0,0],"6":[0,0],"7":[0,0],"8":[0],"9":[0,0],"10":[0,0],"11":[0,0],"12":[0,0],"13":[0,0],"14":[0,0],"15":[0,0],"16":[0,0],"17":[0,0],"18":[0,0],"19":[0,0],"20":[0,0],"21":[0,0],"22":[0,0],"23":[0,0]}}
,"C:\\Users\\ashle\\OneDrive\\Documents\\GitHub\\focus-motivate-surge\\src\\components\\timer\\Timer.tsx": {"path":"C:\\Users\\ashle\\OneDrive\\Documents\\GitHub\\focus-motivate-surge\\src\\components\\timer\\Timer.tsx","statementMap":{"0":{"start":{"line":16,"column":77},"end":{"line":16,"column":92}},"1":{"start":{"line":18,"column":21},"end":{"line":271,"column":1}},"2":{"start":{"line":27,"column":38},"end":{"line":27,"column":53}},"3":{"start":{"line":28,"column":44},"end":{"line":28,"column":73}},"4":{"start":{"line":29,"column":46},"end":{"line":29,"column":61}},"5":{"start":{"line":30,"column":50},"end":{"line":30,"column":65}},"6":{"start":{"line":31,"column":52},"end":{"line":31,"column":92}},"7":{"start":{"line":32,"column":48},"end":{"line":32,"column":99}},"8":{"start":{"line":33,"column":28},"end":{"line":33,"column":48}},"9":{"start":{"line":47,"column":6},"end":{"line":59,"column":4}},"10":{"start":{"line":50,"column":6},"end":{"line":56,"column":7}},"11":{"start":{"line":51,"column":8},"end":{"line":51,"column":16}},"12":{"start":{"line":52,"column":8},"end":{"line":52,"column":34}},"13":{"start":{"line":54,"column":8},"end":{"line":54,"column":64}},"14":{"start":{"line":55,"column":8},"end":{"line":55,"column":68}},"15":{"start":{"line":61,"column":57},"end":{"line":69,"column":4}},"16":{"start":{"line":65,"column":8},"end":{"line":65,"column":45}},"17":{"start":{"line":66,"column":8},"end":{"line":66,"column":81}},"18":{"start":{"line":72,"column":32},"end":{"line":88,"column":32}},"19":{"start":{"line":73,"column":4},"end":{"line":87,"column":5}},"20":{"start":{"line":74,"column":27},"end":{"line":74,"column":48}},"21":{"start":{"line":75,"column":6},"end":{"line":78,"column":7}},"22":{"start":{"line":76,"column":8},"end":{"line":76,"column":68}},"23":{"start":{"line":77,"column":8},"end":{"line":77,"column":15}},"24":{"start":{"line":79,"column":6},"end":{"line":79,"column":24}},"25":{"start":{"line":80,"column":6},"end":{"line":83,"column":12}},"26":{"start":{"line":81,"column":8},"end":{"line":81,"column":43}},"27":{"start":{"line":82,"column":8},"end":{"line":82,"column":32}},"28":{"start":{"line":85,"column":6},"end":{"line":85,"column":62}},"29":{"start":{"line":86,"column":6},"end":{"line":86,"column":66}},"30":{"start":{"line":90,"column":25},"end":{"line":93,"column":29}},"31":{"start":{"line":91,"column":4},"end":{"line":91,"column":31}},"32":{"start":{"line":92,"column":4},"end":{"line":92,"column":34}},"33":{"start":{"line":95,"column":35},"end":{"line":103,"column":36}},"34":{"start":{"line":96,"column":4},"end":{"line":96,"column":31}},"35":{"start":{"line":97,"column":4},"end":{"line":97,"column":33}},"36":{"start":{"line":98,"column":4},"end":{"line":100,"column":5}},"37":{"start":{"line":99,"column":6},"end":{"line":99,"column":18}},"38":{"start":{"line":101,"column":4},"end":{"line":101,"column":12}},"39":{"start":{"line":102,"column":4},"end":{"line":102,"column":63}},"40":{"start":{"line":106,"column":2},"end":{"line":112,"column":29}},"41":{"start":{"line":107,"column":4},"end":{"line":111,"column":5}},"42":{"start":{"line":108,"column":25},"end":{"line":108,"column":50}},"43":{"start":{"line":109,"column":6},"end":{"line":109,"column":37}},"44":{"start":{"line":110,"column":6},"end":{"line":110,"column":29}},"45":{"start":{"line":114,"column":30},"end":{"line":121,"column":36}},"46":{"start":{"line":115,"column":27},"end":{"line":115,"column":64}},"47":{"start":{"line":116,"column":4},"end":{"line":116,"column":39}},"48":{"start":{"line":117,"column":4},"end":{"line":117,"column":31}},"49":{"start":{"line":118,"column":4},"end":{"line":120,"column":5}},"50":{"start":{"line":119,"column":6},"end":{"line":119,"column":39}},"51":{"start":{"line":123,"column":22},"end":{"line":126,"column":13}},"52":{"start":{"line":124,"column":4},"end":{"line":124,"column":12}},"53":{"start":{"line":125,"column":4},"end":{"line":125,"column":24}},"54":{"start":{"line":128,"column":22},"end":{"line":130,"column":13}},"55":{"start":{"line":129,"column":4},"end":{"line":129,"column":12}},"56":{"start":{"line":132,"column":23},"end":{"line":138,"column":43}},"57":{"start":{"line":133,"column":4},"end":{"line":137,"column":5}},"58":{"start":{"line":134,"column":6},"end":{"line":134,"column":20}},"59":{"start":{"line":136,"column":6},"end":{"line":136,"column":20}},"60":{"start":{"line":140,"column":32},"end":{"line":153,"column":49}},"61":{"start":{"line":141,"column":4},"end":{"line":141,"column":35}},"62":{"start":{"line":141,"column":28},"end":{"line":141,"column":35}},"63":{"start":{"line":143,"column":4},"end":{"line":145,"column":5}},"64":{"start":{"line":144,"column":6},"end":{"line":144,"column":36}},"65":{"start":{"line":147,"column":4},"end":{"line":147,"column":29}},"66":{"start":{"line":148,"column":4},"end":{"line":148,"column":25}},"67":{"start":{"line":149,"column":4},"end":{"line":149,"column":31}},"68":{"start":{"line":150,"column":4},"end":{"line":150,"column":17}},"69":{"start":{"line":152,"column":4},"end":{"line":152,"column":52}},"70":{"start":{"line":155,"column":24},"end":{"line":161,"column":29}},"71":{"start":{"line":156,"column":4},"end":{"line":156,"column":33}},"72":{"start":{"line":157,"column":4},"end":{"line":159,"column":5}},"73":{"start":{"line":158,"column":6},"end":{"line":158,"column":18}},"74":{"start":{"line":160,"column":4},"end":{"line":160,"column":63}},"75":{"start":{"line":163,"column":27},"end":{"line":167,"column":22}},"76":{"start":{"line":164,"column":4},"end":{"line":166,"column":5}},"77":{"start":{"line":165,"column":6},"end":{"line":165,"column":27}},"78":{"start":{"line":169,"column":27},"end":{"line":174,"column":4}},"79":{"start":{"line":176,"column":29},"end":{"line":185,"column":4}},"80":{"start":{"line":187,"column":2},"end":{"line":198,"column":3}},"81":{"start":{"line":188,"column":4},"end":{"line":197,"column":6}},"82":{"start":{"line":200,"column":2},"end":{"line":270,"column":4}},"83":{"start":{"line":235,"column":26},"end":{"line":235,"column":58}},"84":{"start":{"line":273,"column":0},"end":{"line":273,"column":28}}},"fnMap":{"0":{"name":"(anonymous_0)","decl":{"start":{"line":18,"column":21},"end":{"line":18,"column":22}},"loc":{"start":{"line":26,"column":17},"end":{"line":271,"column":1}}},"1":{"name":"(anonymous_1)","decl":{"start":{"line":49,"column":14},"end":{"line":49,"column":19}},"loc":{"start":{"line":49,"column":25},"end":{"line":57,"column":5}}},"2":{"name":"(anonymous_2)","decl":{"start":{"line":64,"column":15},"end":{"line":64,"column":16}},"loc":{"start":{"line":64,"column":25},"end":{"line":67,"column":7}}},"3":{"name":"(anonymous_3)","decl":{"start":{"line":72,"column":44},"end":{"line":72,"column":49}},"loc":{"start":{"line":72,"column":55},"end":{"line":88,"column":3}}},"4":{"name":"(anonymous_4)","decl":{"start":{"line":80,"column":17},"end":{"line":80,"column":20}},"loc":{"start":{"line":80,"column":22},"end":{"line":83,"column":7}}},"5":{"name":"(anonymous_5)","decl":{"start":{"line":90,"column":37},"end":{"line":90,"column":42}},"loc":{"start":{"line":90,"column":48},"end":{"line":93,"column":3}}},"6":{"name":"(anonymous_6)","decl":{"start":{"line":95,"column":47},"end":{"line":95,"column":50}},"loc":{"start":{"line":95,"column":52},"end":{"line":103,"column":3}}},"7":{"name":"(anonymous_7)","decl":{"start":{"line":106,"column":12},"end":{"line":106,"column":15}},"loc":{"start":{"line":106,"column":17},"end":{"line":112,"column":3}}},"8":{"name":"(anonymous_8)","decl":{"start":{"line":114,"column":42},"end":{"line":114,"column":43}},"loc":{"start":{"line":114,"column":65},"end":{"line":121,"column":3}}},"9":{"name":"(anonymous_9)","decl":{"start":{"line":123,"column":34},"end":{"line":123,"column":37}},"loc":{"start":{"line":123,"column":39},"end":{"line":126,"column":3}}},"10":{"name":"(anonymous_10)","decl":{"start":{"line":128,"column":34},"end":{"line":128,"column":37}},"loc":{"start":{"line":128,"column":39},"end":{"line":130,"column":3}}},"11":{"name":"(anonymous_11)","decl":{"start":{"line":132,"column":35},"end":{"line":132,"column":38}},"loc":{"start":{"line":132,"column":40},"end":{"line":138,"column":3}}},"12":{"name":"(anonymous_12)","decl":{"start":{"line":140,"column":44},"end":{"line":140,"column":47}},"loc":{"start":{"line":140,"column":49},"end":{"line":153,"column":3}}},"13":{"name":"(anonymous_13)","decl":{"start":{"line":155,"column":36},"end":{"line":155,"column":39}},"loc":{"start":{"line":155,"column":41},"end":{"line":161,"column":3}}},"14":{"name":"(anonymous_14)","decl":{"start":{"line":163,"column":39},"end":{"line":163,"column":42}},"loc":{"start":{"line":163,"column":44},"end":{"line":167,"column":3}}},"15":{"name":"(anonymous_15)","decl":{"start":{"line":235,"column":20},"end":{"line":235,"column":23}},"loc":{"start":{"line":235,"column":26},"end":{"line":235,"column":58}}}},"branchMap":{"0":{"loc":{"start":{"line":24,"column":2},"end":{"line":24,"column":16}},"type":"default-arg","locations":[{"start":{"line":24,"column":14},"end":{"line":24,"column":16}}]},"1":{"loc":{"start":{"line":32,"column":57},"end":{"line":32,"column":98}},"type":"cond-expr","locations":[{"start":{"line":32,"column":68},"end":{"line":32,"column":93}},{"start":{"line":32,"column":96},"end":{"line":32,"column":98}}]},"2":{"loc":{"start":{"line":75,"column":6},"end":{"line":78,"column":7}},"type":"if","locations":[{"start":{"line":75,"column":6},"end":{"line":78,"column":7}}]},"3":{"loc":{"start":{"line":98,"column":4},"end":{"line":100,"column":5}},"type":"if","locations":[{"start":{"line":98,"column":4},"end":{"line":100,"column":5}}]},"4":{"loc":{"start":{"line":107,"column":4},"end":{"line":111,"column":5}},"type":"if","locations":[{"start":{"line":107,"column":4},"end":{"line":111,"column":5}}]},"5":{"loc":{"start":{"line":118,"column":4},"end":{"line":120,"column":5}},"type":"if","locations":[{"start":{"line":118,"column":4},"end":{"line":120,"column":5}}]},"6":{"loc":{"start":{"line":133,"column":4},"end":{"line":137,"column":5}},"type":"if","locations":[{"start":{"line":133,"column":4},"end":{"line":137,"column":5}},{"start":{"line":135,"column":11},"end":{"line":137,"column":5}}]},"7":{"loc":{"start":{"line":141,"column":4},"end":{"line":141,"column":35}},"type":"if","locations":[{"start":{"line":141,"column":4},"end":{"line":141,"column":35}}]},"8":{"loc":{"start":{"line":143,"column":4},"end":{"line":145,"column":5}},"type":"if","locations":[{"start":{"line":143,"column":4},"end":{"line":145,"column":5}}]},"9":{"loc":{"start":{"line":157,"column":4},"end":{"line":159,"column":5}},"type":"if","locations":[{"start":{"line":157,"column":4},"end":{"line":159,"column":5}}]},"10":{"loc":{"start":{"line":164,"column":4},"end":{"line":166,"column":5}},"type":"if","locations":[{"start":{"line":164,"column":4},"end":{"line":166,"column":5}}]},"11":{"loc":{"start":{"line":184,"column":10},"end":{"line":184,"column":59}},"type":"cond-expr","locations":[{"start":{"line":184,"column":23},"end":{"line":184,"column":39}},{"start":{"line":184,"column":42},"end":{"line":184,"column":59}}]},"12":{"loc":{"start":{"line":187,"column":2},"end":{"line":198,"column":3}},"type":"if","locations":[{"start":{"line":187,"column":2},"end":{"line":198,"column":3}}]},"13":{"loc":{"start":{"line":187,"column":6},"end":{"line":187,"column":41}},"type":"binary-expr","locations":[{"start":{"line":187,"column":6},"end":{"line":187,"column":20}},{"start":{"line":187,"column":24},"end":{"line":187,"column":41}}]},"14":{"loc":{"start":{"line":202,"column":7},"end":{"line":239,"column":null}},"type":"cond-expr","locations":[{"start":{"line":203,"column":8},"end":{"line":221,"column":null}},{"start":{"line":224,"column":8},"end":{"line":238,"column":null}}]},"15":{"loc":{"start":{"line":235,"column":26},"end":{"line":235,"column":58}},"type":"binary-expr","locations":[{"start":{"line":235,"column":26},"end":{"line":235,"column":35}},{"start":{"line":235,"column":39},"end":{"line":235,"column":58}}]}},"s":{"0":0,"1":0,"2":0,"3":0,"4":0,"5":0,"6":0,"7":0,"8":0,"9":0,"10":0,"11":0,"12":0,"13":0,"14":0,"15":0,"16":0,"17":0,"18":0,"19":0,"20":0,"21":0,"22":0,"23":0,"24":0,"25":0,"26":0,"27":0,"28":0,"29":0,"30":0,"31":0,"32":0,"33":0,"34":0,"35":0,"36":0,"37":0,"38":0,"39":0,"40":0,"41":0,"42":0,"43":0,"44":0,"45":0,"46":0,"47":0,"48":0,"49":0,"50":0,"51":0,"52":0,"53":0,"54":0,"55":0,"56":0,"57":0,"58":0,"59":0,"60":0,"61":0,"62":0,"63":0,"64":0,"65":0,"66":0,"67":0,"68":0,"69":0,"70":0,"71":0,"72":0,"73":0,"74":0,"75":0,"76":0,"77":0,"78":0,"79":0,"80":0,"81":0,"82":0,"83":0,"84":0},"f":{"0":0,"1":0,"2":0,"3":0,"4":0,"5":0,"6":0,"7":0,"8":0,"9":0,"10":0,"11":0,"12":0,"13":0,"14":0,"15":0},"b":{"0":[0],"1":[0,0],"2":[0],"3":[0],"4":[0],"5":[0],"6":[0,0],"7":[0],"8":[0],"9":[0],"10":[0],"11":[0,0],"12":[0],"13":[0,0],"14":[0,0],"15":[0,0]}}
[...]
"column":24},"end":{"line":123,"column":47}},"63":{"start":{"line":125,"column":4},"end":{"line":142,"column":6}},"64":{"start":{"line":128,"column":8},"end":{"line":128,"column":23}},"65":{"start":{"line":129,"column":8},"end":{"line":129,"column":48}},"66":{"start":{"line":130,"column":8},"end":{"line":130,"column":29}},"67":{"start":{"line":133,"column":8},"end":{"line":133,"column":37}},"68":{"start":{"line":134,"column":8},"end":{"line":134,"column":23}},"69":{"start":{"line":135,"column":8},"end":{"line":135,"column":48}},"70":{"start":{"line":136,"column":8},"end":{"line":136,"column":29}},"71":{"start":{"line":139,"column":8},"end":{"line":139,"column":22}},"72":{"start":{"line":141,"column":39},"end":{"line":141,"column":59}}},"fnMap":{"0":{"name":"(anonymous_0)","decl":{"start":{"line":11,"column":0},"end":{"line":11,"column":13}},"loc":{"start":{"line":11,"column":0},"end":{"line":106,"column":1}}},"1":{"name":"(anonymous_1)","decl":{"start":{"line":21,"column":2},"end":{"line":21,"column":10}},"loc":{"start":{"line":21,"column":29},"end":{"line":36,"column":3}}},"2":{"name":"(anonymous_2)","decl":{"start":{"line":27,"column":21},"end":{"line":27,"column":22}},"loc":{"start":{"line":27,"column":50},"end":{"line":33,"column":5}}},"3":{"name":"(anonymous_3)","decl":{"start":{"line":38,"column":2},"end":{"line":38,"column":11}},"loc":{"start":{"line":38,"column":57},"end":{"line":57,"column":3}}},"4":{"name":"(anonymous_4)","decl":{"start":{"line":43,"column":16},"end":{"line":43,"column":17}},"loc":{"start":{"line":43,"column":28},"end":{"line":43,"column":56}}},"5":{"name":"(anonymous_5)","decl":{"start":{"line":59,"column":2},"end":{"line":59,"column":13}},"loc":{"start":{"line":59,"column":71},"end":{"line":61,"column":3}}},"6":{"name":"(anonymous_6)","decl":{"start":{"line":63,"column":2},"end":{"line":63,"column":9}},"loc":{"start":{"line":63,"column":52},"end":{"line":65,"column":3}}},"7":{"name":"(anonymous_7)","decl":{"start":{"line":67,"column":2},"end":{"line":67,"column":8}},"loc":{"start":{"line":67,"column":27},"end":{"line":73,"column":3}}},"8":{"name":"(anonymous_8)","decl":{"start":{"line":75,"column":2},"end":{"line":75,"column":10}},"loc":{"start":{"line":75,"column":25},"end":{"line":77,"column":3}}},"9":{"name":"(anonymous_9)","decl":{"start":{"line":79,"column":2},"end":{"line":79,"column":10}},"loc":{"start":{"line":79,"column":10},"end":{"line":95,"column":3}}},"10":{"name":"(anonymous_10)","decl":{"start":{"line":84,"column":25},"end":{"line":84,"column":26}},"loc":{"start":{"line":84,"column":39},"end":{"line":94,"column":5}}},"11":{"name":"(anonymous_11)","decl":{"start":{"line":97,"column":2},"end":{"line":97,"column":9}},"loc":{"start":{"line":97,"column":9},"end":{"line":105,"column":3}}},"12":{"name":"(anonymous_12)","decl":{"start":{"line":98,"column":26},"end":{"line":98,"column":33}},"loc":{"start":{"line":98,"column":37},"end":{"line":98,"column":57}}},"13":{"name":"createHookTester","decl":{"start":{"line":108,"column":16},"end":{"line":108,"column":32}},"loc":{"start":{"line":109,"column":37},"end":{"line":144,"column":1}}},"14":{"name":"(anonymous_14)","decl":{"start":{"line":111,"column":9},"end":{"line":111,"column":10}},"loc":{"start":{"line":111,"column":32},"end":{"line":143,"column":3}}},"15":{"name":"(anonymous_15)","decl":{"start":{"line":127,"column":16},"end":{"line":127,"column":19}},"loc":{"start":{"line":127,"column":21},"end":{"line":131,"column":7}}},"16":{"name":"(anonymous_16)","decl":{"start":{"line":132,"column":19},"end":{"line":132,"column":20}},"loc":{"start":{"line":132,"column":34},"end":{"line":137,"column":7}}},"17":{"name":"(anonymous_17)","decl":{"start":{"line":138,"column":15},"end":{"line":138,"column":18}},"loc":{"start":{"line":138,"column":20},"end":{"line":140,"column":7}}},"18":{"name":"(anonymous_18)","decl":{"start":{"line":141,"column":16},"end":{"line":141,"column":20}},"loc":{"start":{"line":141,"column":39},"end":{"line":141,"column":59}}}},"branchMap":{"0":{"loc":{"start":{"line":23,"column":4},"end":{"line":25,"column":5}},"type":"if","locations":[{"start":{"line":23,"column":4},"end":{"line":25,"column":5}}]},"1":{"loc":{"start":{"line":24,"column":27},"end":{"line":24,"column":93}},"type":"cond-expr","locations":[{"start":{"line":24,"column":64},"end":{"line":24,"column":78}},{"start":{"line":24,"column":81},"end":{"line":24,"column":93}}]},"2":{"loc":{"start":{"line":28,"column":24},"end":{"line":28,"column":90}},"type":"cond-expr","locations":[{"start":{"line":28,"column":52},"end":{"line":28,"column":82}},{"start":{"line":28,"column":85},"end":{"line":28,"column":90}}]},"3":{"loc":{"start":{"line":29,"column":6},"end":{"line":32,"column":7}},"type":"if","locations":[{"start":{"line":29,"column":6},"end":{"line":32,"column":7}}]},"4":{"loc":{"start":{"line":41,"column":23},"end":{"line":43,"column":57}},"type":"binary-expr","locations":[{"start":{"line":41,"column":23},"end":{"line":41,"column":32}},{"start":{"line":41,"column":36},"end":{"line":41,"column":41}},{"start":{"line":42,"column":6},"end":{"line":42,"column":37}},{"start":{"line":43,"column":6},"end":{"line":43,"column":57}}]},"5":{"loc":{"start":{"line":45,"column":4},"end":{"line":55,"column":5}},"type":"if","locations":[{"start":{"line":45,"column":4},"end":{"line":55,"column":5}}]},"6":{"loc":{"start":{"line":47,"column":6},"end":{"line":49,"column":7}},"type":"if","locations":[{"start":{"line":47,"column":6},"end":{"line":49,"column":7}}]},"7":{"loc":{"start":{"line":52,"column":6},"end":{"line":54,"column":7}},"type":"if","locations":[{"start":{"line":52,"column":6},"end":{"line":54,"column":7}}]},"8":{"loc":{"start":{"line":69,"column":4},"end":{"line":71,"column":5}},"type":"if","locations":[{"start":{"line":69,"column":4},"end":{"line":71,"column":5}}]},"9":{"loc":{"start":{"line":85,"column":6},"end":{"line":93,"column":7}},"type":"if","locations":[{"start":{"line":85,"column":6},"end":{"line":93,"column":7}}]},"10":{"loc":{"start":{"line":86,"column":8},"end":{"line":88,"column":9}},"type":"if","locations":[{"start":{"line":86,"column":8},"end":{"line":88,"column":9}}]},"11":{"loc":{"start":{"line":90,"column":8},"end":{"line":92,"column":9}},"type":"if","locations":[{"start":{"line":90,"column":8},"end":{"line":92,"column":9}}]},"12":{"loc":{"start":{"line":98,"column":37},"end":{"line":98,"column":57}},"type":"binary-expr","locations":[{"start":{"line":98,"column":37},"end":{"line":98,"column":44}},{"start":{"line":98,"column":48},"end":{"line":98,"column":57}}]}},"s":{"0":1,"1":12,"2":12,"3":12,"4":12,"5":12,"6":12,"7":12,"8":0,"9":0,"10":0,"11":0,"12":0,"13":0,"14":0,"15":0,"16":0,"17":0,"18":0,"19":0,"20":0,"21":0,"22":0,"23":0,"24":0,"25":0,"26":0,"27":0,"28":0,"29":0,"30":0,"31":0,"32":0,"33":0,"34":0,"35":0,"36":0,"37":0,"38":0,"39":0,"40":0,"41":0,"42":0,"43":0,"44":0,"45":0,"46":0,"47":0,"48":0,"49":0,"50":0,"51":0,"52":0,"53":1,"54":12,"55":12,"56":12,"57":12,"58":0,"59":0,"60":0,"61":0,"62":0,"63":0,"64":0,"65":0,"66":0,"67":0,"68":0,"69":0,"70":0,"71":0,"72":0},"f":{"0":12,"1":0,"2":0,"3":0,"4":0,"5":0,"6":0,"7":0,"8":0,"9":0,"10":0,"11":0,"12":0,"13":12,"14":12,"15":0,"16":0,"17":0,"18":0},"b":{"0":[0],"1":[0,0],"2":[0,0],"3":[0],"4":[0,0,0,0],"5":[0],"6":[0],"7":[0],"8":[0],"9":[0],"10":[0],"11":[0],"12":[0,0]}}
,"C:\\Users\\ashle\\OneDrive\\Documents\\GitHub\\focus-motivate-surge\\src\\testUtils\\testRunner.ts": {"path":"C:\\Users\\ashle\\OneDrive\\Documents\\GitHub\\focus-motivate-surge\\src\\testUtils\\testRunner.ts","statementMap":{"0":{"start":{"line":6,"column":24},"end":{"line":6,"column":36}},"1":{"start":{"line":7,"column":20},"end":{"line":7,"column":28}},"2":{"start":{"line":8,"column":22},"end":{"line":8,"column":32}},"3":{"start":{"line":11,"column":33},"end":{"line":15,"column":1}},"4":{"start":{"line":12,"column":2},"end":{"line":14,"column":4}},"5":{"start":{"line":13,"column":4},"end":{"line":13,"column":20}},"6":{"start":{"line":18,"column":32},"end":{"line":39,"column":1}},"7":{"start":{"line":19,"column":2},"end":{"line":38,"column":4}},"8":{"start":{"line":20,"column":47},"end":{"line":25,"column":null}},"9":{"start":{"line":21,"column":17},"end":{"line":21,"column":28}},"10":{"start":{"line":28,"column":21},"end":{"line":32,"column":5}},"11":{"start":{"line":29,"column":6},"end":{"line":31,"column":9}},"12":{"start":{"line":30,"column":8},"end":{"line":30,"column":31}},"13":{"start":{"line":34,"column":4},"end":{"line":37,"column":6}}},"fnMap":{"0":{"name":"(anonymous_0)","decl":{"start":{"line":11,"column":33},"end":{"line":11,"column":36}},"loc":{"start":{"line":11,"column":38},"end":{"line":15,"column":1}}},"1":{"name":"(anonymous_1)","decl":{"start":{"line":12,"column":9},"end":{"line":12,"column":10}},"loc":{"start":{"line":12,"column":57},"end":{"line":14,"column":3}}},"2":{"name":"(anonymous_2)","decl":{"start":{"line":18,"column":32},"end":{"line":18,"column":68}},"loc":{"start":{"line":18,"column":79},"end":{"line":39,"column":1}}},"3":{"name":"(anonymous_3)","decl":{"start":{"line":19,"column":9},"end":{"line":19,"column":10}},"loc":{"start":{"line":19,"column":44},"end":{"line":38,"column":3}}},"4":{"name":"(anonymous_4)","decl":{"start":{"line":21,"column":6},"end":{"line":21,"column":7}},"loc":{"start":{"line":21,"column":17},"end":{"line":21,"column":28}}},"5":{"name":"(anonymous_5)","decl":{"start":{"line":28,"column":21},"end":{"line":28,"column":22}},"loc":{"start":{"line":28,"column":49},"end":{"line":32,"column":5}}},"6":{"name":"(anonymous_6)","decl":{"start":{"line":29,"column":10},"end":{"line":29,"column":13}},"loc":{"start":{"line":29,"column":15},"end":{"line":31,"column":7}}}},"branchMap":{"0":{"loc":{"start":{"line":28,"column":22},"end":{"line":28,"column":45}},"type":"default-arg","locations":[{"start":{"line":28,"column":33},"end":{"line":28,"column":45}}]}},"s":{"0":0,"1":0,"2":0,"3":0,"4":0,"5":0,"6":0,"7":0,"8":0,"9":0,"10":0,"11":0,"12":0,"13":0},"f":{"0":0,"1":0,"2":0,"3":0,"4":0,"5":0,"6":0},"b":{"0":[0]}}
,"C:\\Users\\ashle\\OneDrive\\Documents\\GitHub\\focus-motivate-surge\\src\\types\\timer\\constants.ts": {"path":"C:\\Users\\ashle\\OneDrive\\Documents\\GitHub\\focus-motivate-surge\\src\\types\\timer\\constants.ts","statementMap":{"0":{"start":{"line":3,"column":31},"end":{"line":9,"column":11}},"1":{"start":{"line":12,"column":17},"end":{"line":12,"column":39}},"2":{"start":{"line":14,"column":58},"end":{"line":19,"column":11}}},"fnMap":{},"branchMap":{},"s":{"0":0,"1":0,"2":0},"f":{},"b":{}}
,"C:\\Users\\ashle\\OneDrive\\Documents\\GitHub\\focus-motivate-surge\\src\\utils\\summaryFormatter.ts": {"path":"C:\\Users\\ashle\\OneDrive\\Documents\\GitHub\\focus-motivate-surge\\src\\utils\\summaryFormatter.ts","statementMap":{"0":{"start":{"line":5,"column":23},"end":{"line":14,"column":1}},"1":{"start":{"line":6,"column":18},"end":{"line":6,"column":42}},"2":{"start":{"line":7,"column":16},"end":{"line":7,"column":40}},"3":{"start":{"line":8,"column":27},"end":{"line":8,"column":39}},"4":{"start":{"line":10,"column":2},"end":{"line":12,"column":3}},"5":{"start":{"line":11,"column":4},"end":{"line":11,"column":44}},"6":{"start":{"line":13,"column":2},"end":{"line":13,"column":23}},"7":{"start":{"line":16,"column":28},"end":{"line":26,"column":1}},"8":{"start":{"line":17,"column":2},"end":{"line":17,"column":37}},"9":{"start":{"line":17,"column":28},"end":{"line":17,"column":37}},"10":{"start":{"line":19,"column":26},"end":{"line":23,"column":7}},"11":{"start":{"line":20,"column":4},"end":{"line":20,"column":79}},"12":{"start":{"line":20,"column":68},"end":{"line":20,"column":79}},"13":{"start":{"line":22,"column":4},"end":{"line":22,"column":86}},"14":{"start":{"line":25,"column":2},"end":{"line":25,"column":54}},"15":{"start":{"line":28,"column":34},"end":{"line":90,"column":1}},"16":{"start":{"line":33,"column":2},"end":{"line":41,"column":7}},"17":{"start":{"line":33,"column":78},"end":{"line":41,"column":4}},"18":{"start":{"line":43,"column":18},"end":{"line":45,"column":72}},"19":{"start":{"line":44,"column":17},"end":{"line":44,"column":29}},"20":{"start":{"line":45,"column":50},"end":{"line":45,"column":71}},"21":{"start":{"line":47,"column":2},"end":{"line":52,"column":7}},"22":{"start":{"line":47,"column":73},"end":{"line":52,"column":4}},"23":{"start":{"line":54,"column":25},"end":{"line":56,"column":7}},"24":{"start":{"line":55,"column":4},"end":{"line":55,"column":48}},"25":{"start":{"line":58,"column":27},"end":{"line":60,"column":7}},"26":{"start":{"line":59,"column":4},"end":{"line":59,"column":46}},"27":{"start":{"line":62,"column":22},"end":{"line":64,"column":7}},"28":{"start":{"line":63,"column":4},"end":{"line":63,"column":44}},"29":{"start":{"line":66,"column":28},"end":{"line":66,"column":56}},"30":{"start":{"line":68,"column":34},"end":{"line":78,"column":5}},"31":{"start":{"line":68,"column":62},"end":{"line":78,"column":4}},"32":{"start":{"line":80,"column":2},"end":{"line":89,"column":4}}},"fnMap":{"0":{"name":"(anonymous_0)","decl":{"start":{"line":5,"column":23},"end":{"line":5,"column":24}},"loc":{"start":{"line":5,"column":51},"end":{"line":14,"column":1}}},"1":{"name":"(anonymous_1)","decl":{"start":{"line":16,"column":28},"end":{"line":16,"column":29}},"loc":{"start":{"line":16,"column":64},"end":{"line":26,"column":1}}},"2":{"name":"(anonymous_2)","decl":{"start":{"line":19,"column":41},"end":{"line":19,"column":42}},"loc":{"start":{"line":19,"column":57},"end":{"line":23,"column":3}}},"3":{"name":"(anonymous_3)","decl":{"start":{"line":28,"column":34},"end":{"line":28,"column":null}},"loc":{"start":{"line":32,"column":18},"end":{"line":90,"column":1}}},"4":{"name":"(anonymous_4)","decl":{"start":{"line":33,"column":69},"end":{"line":33,"column":73}},"loc":{"start":{"line":33,"column":78},"end":{"line":41,"column":4}}},"5":{"name":"(anonymous_5)","decl":{"start":{"line":44,"column":9},"end":{"line":44,"column":13}},"loc":{"start":{"line":44,"column":17},"end":{"line":44,"column":29}}},"6":{"name":"(anonymous_6)","decl":{"start":{"line":45,"column":12},"end":{"line":45,"column":13}},"loc":{"start":{"line":45,"column":50},"end":{"line":45,"column":71}}},"7":{"name":"(anonymous_7)","decl":{"start":{"line":47,"column":67},"end":{"line":47,"column":68}},"loc":{"start":{"line":47,"column":73},"end":{"line":52,"column":4}}},"8":{"name":"(anonymous_8)","decl":{"start":{"line":54,"column":40},"end":{"line":54,"column":41}},"loc":{"start":{"line":54,"column":58},"end":{"line":56,"column":3}}},"9":{"name":"(anonymous_9)","decl":{"start":{"line":58,"column":42},"end":{"line":58,"column":43}},"loc":{"start":{"line":58,"column":60},"end":{"line":60,"column":3}}},"10":{"name":"(anonymous_10)","decl":{"start":{"line":62,"column":37},"end":{"line":62,"column":38}},"loc":{"start":{"line":62,"column":55},"end":{"line":64,"column":3}}},"11":{"name":"(anonymous_11)","decl":{"start":{"line":68,"column":53},"end":{"line":68,"column":57}},"loc":{"start":{"line":68,"column":62},"end":{"line":78,"column":4}}}},"branchMap":{"0":{"loc":{"start":{"line":10,"column":2},"end":{"line":12,"column":3}},"type":"if","locations":[{"start":{"line":10,"column":2},"end":{"line":12,"column":3}}]},"1":{"loc":{"start":{"line":17,"column":2},"end":{"line":17,"column":37}},"type":"if","locations":[{"start":{"line":17,"column":2},"end":{"line":17,"column":37}}]},"2":{"loc":{"start":{"line":20,"column":4},"end":{"line":20,"column":79}},"type":"if","locations":[{"start":{"line":20,"column":4},"end":{"line":20,"column":79}}]},"3":{"loc":{"start":{"line":20,"column":8},"end":{"line":20,"column":66}},"type":"binary-expr","locations":[{"start":{"line":20,"column":8},"end":{"line":20,"column":33}},{"start":{"line":20,"column":37},"end":{"line":20,"column":66}}]},"4":{"loc":{"start":{"line":35,"column":13},"end":{"line":40,"column":12}},"type":"cond-expr","locations":[{"start":{"line":35,"column":28},"end":{"line":40,"column":6}},{"start":{"line":40,"column":8},"end":{"line":40,"column":12}}]},"5":{"loc":{"start":{"line":55,"column":20},"end":{"line":55,"column":46}},"type":"binary-expr","locations":[{"start":{"line":55,"column":20},"end":{"line":55,"column":41}},{"start":{"line":55,"column":45},"end":{"line":55,"column":46}}]},"6":{"loc":{"start":{"line":59,"column":20},"end":{"line":59,"column":44}},"type":"binary-expr","locations":[{"start":{"line":59,"column":20},"end":{"line":59,"column":39}},{"start":{"line":59,"column":43},"end":{"line":59,"column":44}}]},"7":{"loc":{"start":{"line":63,"column":20},"end":{"line":63,"column":42}},"type":"binary-expr","locations":[{"start":{"line":63,"column":20},"end":{"line":63,"column":37}},{"start":{"line":63,"column":41},"end":{"line":63,"column":42}}]},"8":{"loc":{"start":{"line":70,"column":22},"end":{"line":77,"column":12}},"type":"cond-expr","locations":[{"start":{"line":70,"column":37},"end":{"line":77,"column":6}},{"start":{"line":77,"column":8},"end":{"line":77,"column":12}}]}},"s":{"0":0,"1":0,"2":0,"3":0,"4":0,"5":0,"6":0,"7":0,"8":0,"9":0,"10":0,"11":0,"12":0,"13":0,"14":0,"15":0,"16":0,"17":0,"18":0,"19":0,"20":0,"21":0,"22":0,"23":0,"24":0,"25":0,"26":0,"27":0,"28":0,"29":0,"30":0,"31":0,"32":0},"f":{"0":0,"1":0,"2":0,"3":0,"4":0,"5":0,"6":0,"7":0,"8":0,"9":0,"10":0,"11":0},"b":{"0":[0],"1":[0],"2":[0],"3":[0,0],"4":[0,0],"5":[0,0],"6":[0,0],"7":[0,0],"8":[0,0]}}
,"C:\\Users\\ashle\\OneDrive\\Documents\\GitHub\\focus-motivate-surge\\src\\utils\\timeUtils.ts": {"path":"C:\\Users\\ashle\\OneDrive\\Documents\\GitHub\\focus-motivate-surge\\src\\utils\\timeUtils.ts","statementMap":{"0":{"start":{"line":1,"column":26},"end":{"line":5,"column":1}},"1":{"start":{"line":2,"column":18},"end":{"line":2,"column":42}},"2":{"start":{"line":3,"column":27},"end":{"line":3,"column":39}},"3":{"start":{"line":4,"column":2},"end":{"line":4,"column":70}},"4":{"start":{"line":7,"column":40},"end":{"line":13,"column":1}},"5":{"start":{"line":8,"column":2},"end":{"line":8,"column":61}},"6":{"start":{"line":8,"column":52},"end":{"line":8,"column":61}},"7":{"start":{"line":11,"column":16},"end":{"line":11,"column":55}},"8":{"start":{"line":12,"column":2},"end":{"line":12,"column":30}},"9":{"start":{"line":15,"column":41},"end":{"line":19,"column":1}},"10":{"start":{"line":16,"column":2},"end":{"line":16,"column":64}},"11":{"start":{"line":16,"column":39},"end":{"line":16,"column":64}},"12":{"start":{"line":17,"column":2},"end":{"line":17,"column":68}},"13":{"start":{"line":17,"column":41},"end":{"line":17,"column":68}},"14":{"start":{"line":18,"column":2},"end":{"line":18,"column":26}}},"fnMap":{"0":{"name":"(anonymous_0)","decl":{"start":{"line":1,"column":26},"end":{"line":1,"column":27}},"loc":{"start":{"line":1,"column":54},"end":{"line":5,"column":1}}},"1":{"name":"(anonymous_1)","decl":{"start":{"line":7,"column":40},"end":{"line":7,"column":41}},"loc":{"start":{"line":7,"column":99},"end":{"line":13,"column":1}}},"2":{"name":"(anonymous_2)","decl":{"start":{"line":15,"column":41},"end":{"line":15,"column":42}},"loc":{"start":{"line":15,"column":92},"end":{"line":19,"column":1}}}},"branchMap":{"0":{"loc":{"start":{"line":8,"column":2},"end":{"line":8,"column":61}},"type":"if","locations":[{"start":{"line":8,"column":2},"end":{"line":8,"column":61}}]},"1":{"loc":{"start":{"line":8,"column":6},"end":{"line":8,"column":50}},"type":"binary-expr","locations":[{"start":{"line":8,"column":6},"end":{"line":8,"column":28}},{"start":{"line":8,"column":32},"end":{"line":8,"column":50}}]},"2":{"loc":{"start":{"line":16,"column":2},"end":{"line":16,"column":64}},"type":"if","locations":[{"start":{"line":16,"column":2},"end":{"line":16,"column":64}}]},"3":{"loc":{"start":{"line":17,"column":2},"end":{"line":17,"column":68}},"type":"if","locations":[{"start":{"line":17,"column":2},"end":{"line":17,"column":68}}]}},"s":{"0":0,"1":0,"2":0,"3":0,"4":0,"5":0,"6":0,"7":0,"8":0,"9":0,"10":0,"11":0,"12":0,"13":0,"14":0},"f":{"0":0,"1":0,"2":0},"b":{"0":[0],"1":[0,0],"2":[0],"3":[0]}}
}
